2025-10-09T03:45:46.827Z | IP=198.51.100.42 | METHOD=POST | ENDPOINT=/api/v1/panchanga | QUERY= | STATUS=200 | DURATION=0.060s | REFERRER=https://test.com | USER_AGENT=curl/8.12.1
2025-10-09T03:47:23.226Z | IP=203.0.113.50 | METHOD=POST | ENDPOINT=/api/v1/panchanga | QUERY= | STATUS=200 | DURATION=0.024s | REFERRER=https://vedicpanchanga.com/calendar | USER_AGENT=curl/8.12.1
2025-10-09T03:47:27.184Z | IP=2607:5300:205:200::217d | METHOD=POST | ENDPOINT=/api/v1/panchanga | QUERY= | STATUS=200 | DURATION=0.021s | REFERRER= | USER_AGENT=curl/8.12.1
2025-10-09T03:48:35.268Z | IP=2607:5300:205:200::217d | METHOD=POST | ENDPOINT=/api/v1/panchanga | QUERY= | STATUS=200 | DURATION=0.020s | REFERRER= | USER_AGENT=curl/8.12.1
2025-10-09T03:48:35.350Z | IP=2607:5300:205:200::217d | METHOD=POST | ENDPOINT=/api/v1/panchanga | QUERY= | STATUS=500 | DURATION=0.012s | REFERRER= | USER_AGENT=curl/8.12.1
2025-10-09T03:49:38.790Z | IP=2607:5300:205:200::217d | METHOD=POST | ENDPOINT=/api/v1/panchanga | QUERY= | STATUS=200 | DURATION=0.023s | REFERRER= | USER_AGENT=curl/8.12.1
2025-10-09T03:50:52.936Z | IP=103.21.244.10 | COUNTRY=IN | METHOD=POST | ENDPOINT=/api/v1/panchanga | QUERY= | STATUS=200 | DURATION=0.072s | REFERRER=https://vedicpanchanga.com | USER_AGENT=curl/8.12.1
2025-10-09T03:50:55.599Z | IP=8.8.8.8 | COUNTRY=US | METHOD=POST | ENDPOINT=/api/v1/panchanga | QUERY= | STATUS=200 | DURATION=0.022s | REFERRER=https://google.com | USER_AGENT=curl/8.12.1
2025-10-09T03:50:58.012Z | IP=51.140.0.1 | COUNTRY=GB | METHOD=POST | ENDPOINT=/api/v1/panchanga | QUERY= | STATUS=200 | DURATION=0.020s | REFERRER=https://bbc.com | USER_AGENT=curl/8.12.1
2025-10-09T03:55:58.763Z | IP=2604:3d08:b57d:7f00:10e5:da94:8f3a:63cc | COUNTRY=CA | METHOD=POST | ENDPOINT=/api/v1/panchanga | QUERY= | STATUS=200 | DURATION=0.024s | REFERRER=https://vedicpanchanga.com/ | USER_AGENT=Mozilla/5.0 (Macintosh; Intel Mac OS X 10_15_7) AppleWebKit/537.36 (KHTML, like Gecko) Chrome/141.0.0.0 Safari/537.36
2025-10-09T03:56:25.226Z | IP=2604:3d08:b57d:7f00:10e5:da94:8f3a:63cc | COUNTRY=CA | METHOD=POST | ENDPOINT=/api/v1/panchanga | QUERY= | STATUS=200 | DURATION=0.018s | REFERRER=https://vedicpanchanga.com/ | USER_AGENT=Mozilla/5.0 (Macintosh; Intel Mac OS X 10_15_7) AppleWebKit/537.36 (KHTML, like Gecko) Chrome/140.0.0.0 Safari/537.36
2025-10-09T03:56:28.954Z | IP=2604:3d08:b57d:7f00:10e5:da94:8f3a:63cc | COUNTRY=CA | METHOD=POST | ENDPOINT=/api/v1/panchanga | QUERY= | STATUS=200 | DURATION=0.015s | REFERRER=https://vedicpanchanga.com/ | USER_AGENT=Mozilla/5.0 (Macintosh; Intel Mac OS X 10_15_7) AppleWebKit/537.36 (KHTML, like Gecko) Chrome/140.0.0.0 Safari/537.36
2025-10-09T03:58:08.777Z | IP=2604:3d08:b57d:7f00:3da0:dbbf:7813:fb44 | COUNTRY=CA | METHOD=POST | ENDPOINT=/api/v1/panchanga | QUERY= | STATUS=200 | DURATION=0.020s | REFERRER=https://vedicpanchanga.com/ | USER_AGENT=Mozilla/5.0 (Macintosh; Intel Mac OS X 10_15_7) AppleWebKit/537.36 (KHTML, like Gecko) Chrome/140.0.0.0 Safari/537.36
2025-10-09T03:59:56.315Z | IP=2607:5300:205:200::217d | COUNTRY=CA | METHOD=POST | ENDPOINT=/api/v1/panchanga | QUERY= | STATUS=200 | DURATION=0.064s | REFERRER= | USER_AGENT=curl/8.12.1
2025-10-09T03:59:56.355Z | IP=2607:5300:205:200::217d | COUNTRY=CA | METHOD=POST | ENDPOINT=/api/v1/panchanga | QUERY= | STATUS=200 | DURATION=0.093s | REFERRER= | USER_AGENT=curl/8.12.1
2025-10-09T03:59:56.359Z | IP=2607:5300:205:200::217d | COUNTRY=CA | METHOD=POST | ENDPOINT=/api/v1/panchanga | QUERY= | STATUS=200 | DURATION=0.087s | REFERRER= | USER_AGENT=curl/8.12.1
2025-10-09T03:59:56.381Z | IP=2607:5300:205:200::217d | COUNTRY=CA | METHOD=POST | ENDPOINT=/api/v1/panchanga | QUERY= | STATUS=429 | DURATION=N/A | REFERRER= | USER_AGENT=curl/8.12.1
2025-10-09T03:59:56.388Z | IP=2607:5300:205:200::217d | COUNTRY=CA | METHOD=POST | ENDPOINT=/api/v1/panchanga | QUERY= | STATUS=200 | DURATION=0.106s | REFERRER= | USER_AGENT=curl/8.12.1
2025-10-09T03:59:56.390Z | IP=2607:5300:205:200::217d | COUNTRY=CA | METHOD=POST | ENDPOINT=/api/v1/panchanga | QUERY= | STATUS=200 | DURATION=0.100s | REFERRER= | USER_AGENT=curl/8.12.1
2025-10-09T03:59:56.405Z | IP=2607:5300:205:200::217d | COUNTRY=CA | METHOD=POST | ENDPOINT=/api/v1/panchanga | QUERY= | STATUS=200 | DURATION=0.105s | REFERRER= | USER_AGENT=curl/8.12.1
2025-10-09T03:59:56.411Z | IP=2607:5300:205:200::217d | COUNTRY=CA | METHOD=POST | ENDPOINT=/api/v1/panchanga | QUERY= | STATUS=200 | DURATION=0.079s | REFERRER= | USER_AGENT=curl/8.12.1
2025-10-09T03:59:56.430Z | IP=2607:5300:205:200::217d | COUNTRY=CA | METHOD=POST | ENDPOINT=/api/v1/panchanga | QUERY= | STATUS=429 | DURATION=N/A | REFERRER= | USER_AGENT=curl/8.12.1
2025-10-09T03:59:56.440Z | IP=2607:5300:205:200::217d | COUNTRY=CA | METHOD=POST | ENDPOINT=/api/v1/panchanga | QUERY= | STATUS=200 | DURATION=0.132s | REFERRER= | USER_AGENT=curl/8.12.1
2025-10-09T03:59:56.443Z | IP=2607:5300:205:200::217d | COUNTRY=CA | METHOD=POST | ENDPOINT=/api/v1/panchanga | QUERY= | STATUS=200 | DURATION=0.121s | REFERRER= | USER_AGENT=curl/8.12.1
2025-10-09T03:59:56.445Z | IP=2607:5300:205:200::217d | COUNTRY=CA | METHOD=POST | ENDPOINT=/api/v1/panchanga | QUERY= | STATUS=200 | DURATION=0.105s | REFERRER= | USER_AGENT=curl/8.12.1
2025-10-09T03:59:56.452Z | IP=2607:5300:205:200::217d | COUNTRY=CA | METHOD=POST | ENDPOINT=/api/v1/panchanga | QUERY= | STATUS=429 | DURATION=0.001s | REFERRER= | USER_AGENT=curl/8.12.1
2025-10-09T03:59:56.471Z | IP=2607:5300:205:200::217d | COUNTRY=CA | METHOD=POST | ENDPOINT=/api/v1/panchanga | QUERY= | STATUS=429 | DURATION=N/A | REFERRER= | USER_AGENT=curl/8.12.1
2025-10-09T03:59:56.477Z | IP=2607:5300:205:200::217d | COUNTRY=CA | METHOD=POST | ENDPOINT=/api/v1/panchanga | QUERY= | STATUS=429 | DURATION=N/A | REFERRER= | USER_AGENT=curl/8.12.1
2025-10-09T03:59:56.482Z | IP=2607:5300:205:200::217d | COUNTRY=CA | METHOD=POST | ENDPOINT=/api/v1/panchanga | QUERY= | STATUS=429 | DURATION=N/A | REFERRER= | USER_AGENT=curl/8.12.1
2025-10-09T03:59:56.490Z | IP=2607:5300:205:200::217d | COUNTRY=CA | METHOD=POST | ENDPOINT=/api/v1/panchanga | QUERY= | STATUS=429 | DURATION=N/A | REFERRER= | USER_AGENT=curl/8.12.1
2025-10-09T03:59:56.495Z | IP=2607:5300:205:200::217d | COUNTRY=CA | METHOD=POST | ENDPOINT=/api/v1/panchanga | QUERY= | STATUS=429 | DURATION=N/A | REFERRER= | USER_AGENT=curl/8.12.1
2025-10-09T03:59:56.500Z | IP=2607:5300:205:200::217d | COUNTRY=CA | METHOD=POST | ENDPOINT=/api/v1/panchanga | QUERY= | STATUS=429 | DURATION=N/A | REFERRER= | USER_AGENT=curl/8.12.1
2025-10-09T03:59:56.506Z | IP=2607:5300:205:200::217d | COUNTRY=CA | METHOD=POST | ENDPOINT=/api/v1/panchanga | QUERY= | STATUS=429 | DURATION=N/A | REFERRER= | USER_AGENT=curl/8.12.1
2025-10-09T03:59:56.511Z | IP=2607:5300:205:200::217d | COUNTRY=CA | METHOD=POST | ENDPOINT=/api/v1/panchanga | QUERY= | STATUS=429 | DURATION=N/A | REFERRER= | USER_AGENT=curl/8.12.1
2025-10-09T03:59:56.516Z | IP=2607:5300:205:200::217d | COUNTRY=CA | METHOD=POST | ENDPOINT=/api/v1/panchanga | QUERY= | STATUS=429 | DURATION=N/A | REFERRER= | USER_AGENT=curl/8.12.1
2025-10-09T03:59:56.521Z | IP=2607:5300:205:200::217d | COUNTRY=CA | METHOD=POST | ENDPOINT=/api/v1/panchanga | QUERY= | STATUS=429 | DURATION=N/A | REFERRER= | USER_AGENT=curl/8.12.1
2025-10-09T03:59:56.530Z | IP=2607:5300:205:200::217d | COUNTRY=CA | METHOD=POST | ENDPOINT=/api/v1/panchanga | QUERY= | STATUS=429 | DURATION=N/A | REFERRER= | USER_AGENT=curl/8.12.1
2025-10-09T03:59:56.536Z | IP=2607:5300:205:200::217d | COUNTRY=CA | METHOD=POST | ENDPOINT=/api/v1/panchanga | QUERY= | STATUS=429 | DURATION=N/A | REFERRER= | USER_AGENT=curl/8.12.1
2025-10-09T03:59:56.541Z | IP=2607:5300:205:200::217d | COUNTRY=CA | METHOD=POST | ENDPOINT=/api/v1/panchanga | QUERY= | STATUS=429 | DURATION=N/A | REFERRER= | USER_AGENT=curl/8.12.1
2025-10-09T03:59:56.546Z | IP=2607:5300:205:200::217d | COUNTRY=CA | METHOD=POST | ENDPOINT=/api/v1/panchanga | QUERY= | STATUS=429 | DURATION=N/A | REFERRER= | USER_AGENT=curl/8.12.1
2025-10-09T03:59:56.551Z | IP=2607:5300:205:200::217d | COUNTRY=CA | METHOD=POST | ENDPOINT=/api/v1/panchanga | QUERY= | STATUS=429 | DURATION=N/A | REFERRER= | USER_AGENT=curl/8.12.1
2025-10-09T03:59:56.556Z | IP=2607:5300:205:200::217d | COUNTRY=CA | METHOD=POST | ENDPOINT=/api/v1/panchanga | QUERY= | STATUS=429 | DURATION=N/A | REFERRER= | USER_AGENT=curl/8.12.1
2025-10-09T03:59:56.561Z | IP=2607:5300:205:200::217d | COUNTRY=CA | METHOD=POST | ENDPOINT=/api/v1/panchanga | QUERY= | STATUS=429 | DURATION=N/A | REFERRER= | USER_AGENT=curl/8.12.1
2025-10-09T03:59:56.566Z | IP=2607:5300:205:200::217d | COUNTRY=CA | METHOD=POST | ENDPOINT=/api/v1/panchanga | QUERY= | STATUS=429 | DURATION=N/A | REFERRER= | USER_AGENT=curl/8.12.1
2025-10-09T03:59:56.574Z | IP=2607:5300:205:200::217d | COUNTRY=CA | METHOD=POST | ENDPOINT=/api/v1/panchanga | QUERY= | STATUS=429 | DURATION=N/A | REFERRER= | USER_AGENT=curl/8.12.1
2025-10-09T03:59:56.579Z | IP=2607:5300:205:200::217d | COUNTRY=CA | METHOD=POST | ENDPOINT=/api/v1/panchanga | QUERY= | STATUS=429 | DURATION=N/A | REFERRER= | USER_AGENT=curl/8.12.1
2025-10-09T03:59:56.585Z | IP=2607:5300:205:200::217d | COUNTRY=CA | METHOD=POST | ENDPOINT=/api/v1/panchanga | QUERY= | STATUS=429 | DURATION=0.001s | REFERRER= | USER_AGENT=curl/8.12.1
2025-10-09T03:59:56.589Z | IP=2607:5300:205:200::217d | COUNTRY=CA | METHOD=POST | ENDPOINT=/api/v1/panchanga | QUERY= | STATUS=429 | DURATION=N/A | REFERRER= | USER_AGENT=curl/8.12.1
2025-10-09T03:59:56.610Z | IP=2607:5300:205:200::217d | COUNTRY=CA | METHOD=POST | ENDPOINT=/api/v1/panchanga | QUERY= | STATUS=429 | DURATION=N/A | REFERRER= | USER_AGENT=curl/8.12.1
2025-10-09T03:59:56.617Z | IP=2607:5300:205:200::217d | COUNTRY=CA | METHOD=POST | ENDPOINT=/api/v1/panchanga | QUERY= | STATUS=429 | DURATION=N/A | REFERRER= | USER_AGENT=curl/8.12.1
2025-10-09T03:59:56.622Z | IP=2607:5300:205:200::217d | COUNTRY=CA | METHOD=POST | ENDPOINT=/api/v1/panchanga | QUERY= | STATUS=429 | DURATION=N/A | REFERRER= | USER_AGENT=curl/8.12.1
2025-10-09T03:59:56.626Z | IP=2607:5300:205:200::217d | COUNTRY=CA | METHOD=POST | ENDPOINT=/api/v1/panchanga | QUERY= | STATUS=429 | DURATION=N/A | REFERRER= | USER_AGENT=curl/8.12.1
2025-10-09T03:59:56.631Z | IP=2607:5300:205:200::217d | COUNTRY=CA | METHOD=POST | ENDPOINT=/api/v1/panchanga | QUERY= | STATUS=429 | DURATION=0.001s | REFERRER= | USER_AGENT=curl/8.12.1
2025-10-09T03:59:56.635Z | IP=2607:5300:205:200::217d | COUNTRY=CA | METHOD=POST | ENDPOINT=/api/v1/panchanga | QUERY= | STATUS=429 | DURATION=N/A | REFERRER= | USER_AGENT=curl/8.12.1
2025-10-09T03:59:56.640Z | IP=2607:5300:205:200::217d | COUNTRY=CA | METHOD=POST | ENDPOINT=/api/v1/panchanga | QUERY= | STATUS=429 | DURATION=N/A | REFERRER= | USER_AGENT=curl/8.12.1
2025-10-09T03:59:56.645Z | IP=2607:5300:205:200::217d | COUNTRY=CA | METHOD=POST | ENDPOINT=/api/v1/panchanga | QUERY= | STATUS=429 | DURATION=N/A | REFERRER= | USER_AGENT=curl/8.12.1
2025-10-09T03:59:56.650Z | IP=2607:5300:205:200::217d | COUNTRY=CA | METHOD=POST | ENDPOINT=/api/v1/panchanga | QUERY= | STATUS=429 | DURATION=N/A | REFERRER= | USER_AGENT=curl/8.12.1
2025-10-09T03:59:56.654Z | IP=2607:5300:205:200::217d | COUNTRY=CA | METHOD=POST | ENDPOINT=/api/v1/panchanga | QUERY= | STATUS=429 | DURATION=N/A | REFERRER= | USER_AGENT=curl/8.12.1
2025-10-09T03:59:56.659Z | IP=2607:5300:205:200::217d | COUNTRY=CA | METHOD=POST | ENDPOINT=/api/v1/panchanga | QUERY= | STATUS=429 | DURATION=N/A | REFERRER= | USER_AGENT=curl/8.12.1
2025-10-09T03:59:56.663Z | IP=2607:5300:205:200::217d | COUNTRY=CA | METHOD=POST | ENDPOINT=/api/v1/panchanga | QUERY= | STATUS=429 | DURATION=N/A | REFERRER= | USER_AGENT=curl/8.12.1
2025-10-09T03:59:56.674Z | IP=2607:5300:205:200::217d | COUNTRY=CA | METHOD=POST | ENDPOINT=/api/v1/panchanga | QUERY= | STATUS=429 | DURATION=N/A | REFERRER= | USER_AGENT=curl/8.12.1
2025-10-09T03:59:56.678Z | IP=2607:5300:205:200::217d | COUNTRY=CA | METHOD=POST | ENDPOINT=/api/v1/panchanga | QUERY= | STATUS=429 | DURATION=N/A | REFERRER= | USER_AGENT=curl/8.12.1
2025-10-09T03:59:56.683Z | IP=2607:5300:205:200::217d | COUNTRY=CA | METHOD=POST | ENDPOINT=/api/v1/panchanga | QUERY= | STATUS=429 | DURATION=N/A | REFERRER= | USER_AGENT=curl/8.12.1
2025-10-09T03:59:56.687Z | IP=2607:5300:205:200::217d | COUNTRY=CA | METHOD=POST | ENDPOINT=/api/v1/panchanga | QUERY= | STATUS=429 | DURATION=N/A | REFERRER= | USER_AGENT=curl/8.12.1
2025-10-09T03:59:56.691Z | IP=2607:5300:205:200::217d | COUNTRY=CA | METHOD=POST | ENDPOINT=/api/v1/panchanga | QUERY= | STATUS=429 | DURATION=N/A | REFERRER= | USER_AGENT=curl/8.12.1
2025-10-09T03:59:56.702Z | IP=2607:5300:205:200::217d | COUNTRY=CA | METHOD=POST | ENDPOINT=/api/v1/panchanga | QUERY= | STATUS=429 | DURATION=N/A | REFERRER= | USER_AGENT=curl/8.12.1
2025-10-09T03:59:56.708Z | IP=2607:5300:205:200::217d | COUNTRY=CA | METHOD=POST | ENDPOINT=/api/v1/panchanga | QUERY= | STATUS=429 | DURATION=N/A | REFERRER= | USER_AGENT=curl/8.12.1
2025-10-09T03:59:56.713Z | IP=2607:5300:205:200::217d | COUNTRY=CA | METHOD=POST | ENDPOINT=/api/v1/panchanga | QUERY= | STATUS=429 | DURATION=N/A | REFERRER= | USER_AGENT=curl/8.12.1
2025-10-09T03:59:56.717Z | IP=2607:5300:205:200::217d | COUNTRY=CA | METHOD=POST | ENDPOINT=/api/v1/panchanga | QUERY= | STATUS=429 | DURATION=N/A | REFERRER= | USER_AGENT=curl/8.12.1
2025-10-09T03:59:56.721Z | IP=2607:5300:205:200::217d | COUNTRY=CA | METHOD=POST | ENDPOINT=/api/v1/panchanga | QUERY= | STATUS=429 | DURATION=N/A | REFERRER= | USER_AGENT=curl/8.12.1
2025-10-09T03:59:56.726Z | IP=2607:5300:205:200::217d | COUNTRY=CA | METHOD=POST | ENDPOINT=/api/v1/panchanga | QUERY= | STATUS=429 | DURATION=0.001s | REFERRER= | USER_AGENT=curl/8.12.1
2025-10-09T03:59:56.732Z | IP=2607:5300:205:200::217d | COUNTRY=CA | METHOD=POST | ENDPOINT=/api/v1/panchanga | QUERY= | STATUS=429 | DURATION=N/A | REFERRER= | USER_AGENT=curl/8.12.1
2025-10-09T03:59:56.743Z | IP=2607:5300:205:200::217d | COUNTRY=CA | METHOD=POST | ENDPOINT=/api/v1/panchanga | QUERY= | STATUS=429 | DURATION=0.001s | REFERRER= | USER_AGENT=curl/8.12.1
2025-10-09T03:59:56.748Z | IP=2607:5300:205:200::217d | COUNTRY=CA | METHOD=POST | ENDPOINT=/api/v1/panchanga | QUERY= | STATUS=429 | DURATION=N/A | REFERRER= | USER_AGENT=curl/8.12.1
2025-10-09T03:59:56.753Z | IP=2607:5300:205:200::217d | COUNTRY=CA | METHOD=POST | ENDPOINT=/api/v1/panchanga | QUERY= | STATUS=429 | DURATION=0.001s | REFERRER= | USER_AGENT=curl/8.12.1
2025-10-09T03:59:56.765Z | IP=2607:5300:205:200::217d | COUNTRY=CA | METHOD=POST | ENDPOINT=/api/v1/panchanga | QUERY= | STATUS=429 | DURATION=N/A | REFERRER= | USER_AGENT=curl/8.12.1
2025-10-09T03:59:56.769Z | IP=2607:5300:205:200::217d | COUNTRY=CA | METHOD=POST | ENDPOINT=/api/v1/panchanga | QUERY= | STATUS=429 | DURATION=N/A | REFERRER= | USER_AGENT=curl/8.12.1
2025-10-09T03:59:56.774Z | IP=2607:5300:205:200::217d | COUNTRY=CA | METHOD=POST | ENDPOINT=/api/v1/panchanga | QUERY= | STATUS=429 | DURATION=N/A | REFERRER= | USER_AGENT=curl/8.12.1
2025-10-09T03:59:56.778Z | IP=2607:5300:205:200::217d | COUNTRY=CA | METHOD=POST | ENDPOINT=/api/v1/panchanga | QUERY= | STATUS=429 | DURATION=N/A | REFERRER= | USER_AGENT=curl/8.12.1
2025-10-09T03:59:56.783Z | IP=2607:5300:205:200::217d | COUNTRY=CA | METHOD=POST | ENDPOINT=/api/v1/panchanga | QUERY= | STATUS=429 | DURATION=N/A | REFERRER= | USER_AGENT=curl/8.12.1
2025-10-09T03:59:56.798Z | IP=2607:5300:205:200::217d | COUNTRY=CA | METHOD=POST | ENDPOINT=/api/v1/panchanga | QUERY= | STATUS=429 | DURATION=0.001s | REFERRER= | USER_AGENT=curl/8.12.1
2025-10-09T03:59:56.803Z | IP=2607:5300:205:200::217d | COUNTRY=CA | METHOD=POST | ENDPOINT=/api/v1/panchanga | QUERY= | STATUS=429 | DURATION=0.001s | REFERRER= | USER_AGENT=curl/8.12.1
2025-10-09T03:59:56.807Z | IP=2607:5300:205:200::217d | COUNTRY=CA | METHOD=POST | ENDPOINT=/api/v1/panchanga | QUERY= | STATUS=429 | DURATION=N/A | REFERRER= | USER_AGENT=curl/8.12.1
2025-10-09T03:59:56.815Z | IP=2607:5300:205:200::217d | COUNTRY=CA | METHOD=POST | ENDPOINT=/api/v1/panchanga | QUERY= | STATUS=429 | DURATION=N/A | REFERRER= | USER_AGENT=curl/8.12.1
2025-10-09T03:59:56.819Z | IP=2607:5300:205:200::217d | COUNTRY=CA | METHOD=POST | ENDPOINT=/api/v1/panchanga | QUERY= | STATUS=429 | DURATION=N/A | REFERRER= | USER_AGENT=curl/8.12.1
2025-10-09T03:59:56.823Z | IP=2607:5300:205:200::217d | COUNTRY=CA | METHOD=POST | ENDPOINT=/api/v1/panchanga | QUERY= | STATUS=429 | DURATION=N/A | REFERRER= | USER_AGENT=curl/8.12.1
2025-10-09T03:59:56.835Z | IP=2607:5300:205:200::217d | COUNTRY=CA | METHOD=POST | ENDPOINT=/api/v1/panchanga | QUERY= | STATUS=429 | DURATION=N/A | REFERRER= | USER_AGENT=curl/8.12.1
2025-10-09T03:59:56.840Z | IP=2607:5300:205:200::217d | COUNTRY=CA | METHOD=POST | ENDPOINT=/api/v1/panchanga | QUERY= | STATUS=429 | DURATION=N/A | REFERRER= | USER_AGENT=curl/8.12.1
2025-10-09T03:59:56.846Z | IP=2607:5300:205:200::217d | COUNTRY=CA | METHOD=POST | ENDPOINT=/api/v1/panchanga | QUERY= | STATUS=429 | DURATION=N/A | REFERRER= | USER_AGENT=curl/8.12.1
2025-10-09T03:59:56.851Z | IP=2607:5300:205:200::217d | COUNTRY=CA | METHOD=POST | ENDPOINT=/api/v1/panchanga | QUERY= | STATUS=429 | DURATION=N/A | REFERRER= | USER_AGENT=curl/8.12.1
2025-10-09T03:59:56.856Z | IP=2607:5300:205:200::217d | COUNTRY=CA | METHOD=POST | ENDPOINT=/api/v1/panchanga | QUERY= | STATUS=429 | DURATION=0.001s | REFERRER= | USER_AGENT=curl/8.12.1
2025-10-09T03:59:56.862Z | IP=2607:5300:205:200::217d | COUNTRY=CA | METHOD=POST | ENDPOINT=/api/v1/panchanga | QUERY= | STATUS=429 | DURATION=0.001s | REFERRER= | USER_AGENT=curl/8.12.1
2025-10-09T03:59:56.869Z | IP=2607:5300:205:200::217d | COUNTRY=CA | METHOD=POST | ENDPOINT=/api/v1/panchanga | QUERY= | STATUS=429 | DURATION=N/A | REFERRER= | USER_AGENT=curl/8.12.1
2025-10-09T03:59:56.877Z | IP=2607:5300:205:200::217d | COUNTRY=CA | METHOD=POST | ENDPOINT=/api/v1/panchanga | QUERY= | STATUS=429 | DURATION=N/A | REFERRER= | USER_AGENT=curl/8.12.1
2025-10-09T03:59:56.887Z | IP=2607:5300:205:200::217d | COUNTRY=CA | METHOD=POST | ENDPOINT=/api/v1/panchanga | QUERY= | STATUS=429 | DURATION=N/A | REFERRER= | USER_AGENT=curl/8.12.1
2025-10-09T03:59:56.894Z | IP=2607:5300:205:200::217d | COUNTRY=CA | METHOD=POST | ENDPOINT=/api/v1/panchanga | QUERY= | STATUS=429 | DURATION=N/A | REFERRER= | USER_AGENT=curl/8.12.1
2025-10-09T03:59:56.898Z | IP=2607:5300:205:200::217d | COUNTRY=CA | METHOD=POST | ENDPOINT=/api/v1/panchanga | QUERY= | STATUS=429 | DURATION=N/A | REFERRER= | USER_AGENT=curl/8.12.1
2025-10-09T03:59:56.903Z | IP=2607:5300:205:200::217d | COUNTRY=CA | METHOD=POST | ENDPOINT=/api/v1/panchanga | QUERY= | STATUS=429 | DURATION=0.001s | REFERRER= | USER_AGENT=curl/8.12.1
2025-10-09T03:59:56.907Z | IP=2607:5300:205:200::217d | COUNTRY=CA | METHOD=POST | ENDPOINT=/api/v1/panchanga | QUERY= | STATUS=429 | DURATION=0.001s | REFERRER= | USER_AGENT=curl/8.12.1
2025-10-09T03:59:56.911Z | IP=2607:5300:205:200::217d | COUNTRY=CA | METHOD=POST | ENDPOINT=/api/v1/panchanga | QUERY= | STATUS=429 | DURATION=N/A | REFERRER= | USER_AGENT=curl/8.12.1
2025-10-09T03:59:56.915Z | IP=2607:5300:205:200::217d | COUNTRY=CA | METHOD=POST | ENDPOINT=/api/v1/panchanga | QUERY= | STATUS=429 | DURATION=N/A | REFERRER= | USER_AGENT=curl/8.12.1
2025-10-09T03:59:56.922Z | IP=2607:5300:205:200::217d | COUNTRY=CA | METHOD=POST | ENDPOINT=/api/v1/panchanga | QUERY= | STATUS=429 | DURATION=N/A | REFERRER= | USER_AGENT=curl/8.12.1
2025-10-09T03:59:56.926Z | IP=2607:5300:205:200::217d | COUNTRY=CA | METHOD=POST | ENDPOINT=/api/v1/panchanga | QUERY= | STATUS=429 | DURATION=N/A | REFERRER= | USER_AGENT=curl/8.12.1
2025-10-09T03:59:56.930Z | IP=2607:5300:205:200::217d | COUNTRY=CA | METHOD=POST | ENDPOINT=/api/v1/panchanga | QUERY= | STATUS=429 | DURATION=N/A | REFERRER= | USER_AGENT=curl/8.12.1
2025-10-09T03:59:56.934Z | IP=2607:5300:205:200::217d | COUNTRY=CA | METHOD=POST | ENDPOINT=/api/v1/panchanga | QUERY= | STATUS=429 | DURATION=N/A | REFERRER= | USER_AGENT=curl/8.12.1
2025-10-09T03:59:56.938Z | IP=2607:5300:205:200::217d | COUNTRY=CA | METHOD=POST | ENDPOINT=/api/v1/panchanga | QUERY= | STATUS=429 | DURATION=N/A | REFERRER= | USER_AGENT=curl/8.12.1
2025-10-09T03:59:56.955Z | IP=2607:5300:205:200::217d | COUNTRY=CA | METHOD=POST | ENDPOINT=/api/v1/panchanga | QUERY= | STATUS=429 | DURATION=N/A | REFERRER= | USER_AGENT=curl/8.12.1
2025-10-09T03:59:56.963Z | IP=2607:5300:205:200::217d | COUNTRY=CA | METHOD=POST | ENDPOINT=/api/v1/panchanga | QUERY= | STATUS=429 | DURATION=N/A | REFERRER= | USER_AGENT=curl/8.12.1
2025-10-09T03:59:56.968Z | IP=2607:5300:205:200::217d | COUNTRY=CA | METHOD=POST | ENDPOINT=/api/v1/panchanga | QUERY= | STATUS=429 | DURATION=N/A | REFERRER= | USER_AGENT=curl/8.12.1
2025-10-09T03:59:56.972Z | IP=2607:5300:205:200::217d | COUNTRY=CA | METHOD=POST | ENDPOINT=/api/v1/panchanga | QUERY= | STATUS=429 | DURATION=0.001s | REFERRER= | USER_AGENT=curl/8.12.1
2025-10-09T03:59:56.976Z | IP=2607:5300:205:200::217d | COUNTRY=CA | METHOD=POST | ENDPOINT=/api/v1/panchanga | QUERY= | STATUS=429 | DURATION=N/A | REFERRER= | USER_AGENT=curl/8.12.1
2025-10-09T03:59:56.980Z | IP=2607:5300:205:200::217d | COUNTRY=CA | METHOD=POST | ENDPOINT=/api/v1/panchanga | QUERY= | STATUS=429 | DURATION=N/A | REFERRER= | USER_AGENT=curl/8.12.1
2025-10-09T03:59:56.983Z | IP=2607:5300:205:200::217d | COUNTRY=CA | METHOD=POST | ENDPOINT=/api/v1/panchanga | QUERY= | STATUS=429 | DURATION=N/A | REFERRER= | USER_AGENT=curl/8.12.1
2025-10-09T04:00:24.946Z | IP=2607:5300:205:200::217d | COUNTRY=CA | METHOD=POST | ENDPOINT=/api/v1/panchanga | QUERY= | STATUS=200 | DURATION=0.019s | REFERRER= | USER_AGENT=curl/8.12.1
2025-10-09T04:00:25.004Z | IP=2607:5300:205:200::217d | COUNTRY=CA | METHOD=POST | ENDPOINT=/api/v1/panchanga | QUERY= | STATUS=200 | DURATION=0.016s | REFERRER= | USER_AGENT=curl/8.12.1
2025-10-09T04:00:25.069Z | IP=2607:5300:205:200::217d | COUNTRY=CA | METHOD=POST | ENDPOINT=/api/v1/panchanga | QUERY= | STATUS=200 | DURATION=0.017s | REFERRER= | USER_AGENT=curl/8.12.1
2025-10-09T04:00:25.125Z | IP=2607:5300:205:200::217d | COUNTRY=CA | METHOD=POST | ENDPOINT=/api/v1/panchanga | QUERY= | STATUS=200 | DURATION=0.014s | REFERRER= | USER_AGENT=curl/8.12.1
2025-10-09T04:00:25.185Z | IP=2607:5300:205:200::217d | COUNTRY=CA | METHOD=POST | ENDPOINT=/api/v1/panchanga | QUERY= | STATUS=200 | DURATION=0.015s | REFERRER= | USER_AGENT=curl/8.12.1
2025-10-09T04:00:26.745Z | IP=2607:5300:205:200::217d | COUNTRY=CA | METHOD=POST | ENDPOINT=/api/v1/panchanga | QUERY= | STATUS=200 | DURATION=0.015s | REFERRER= | USER_AGENT=curl/8.12.1
2025-10-09T04:00:26.801Z | IP=2607:5300:205:200::217d | COUNTRY=CA | METHOD=POST | ENDPOINT=/api/v1/panchanga | QUERY= | STATUS=200 | DURATION=0.016s | REFERRER= | USER_AGENT=curl/8.12.1
2025-10-09T04:00:26.863Z | IP=2607:5300:205:200::217d | COUNTRY=CA | METHOD=POST | ENDPOINT=/api/v1/panchanga | QUERY= | STATUS=200 | DURATION=0.014s | REFERRER= | USER_AGENT=curl/8.12.1
2025-10-09T04:00:26.922Z | IP=2607:5300:205:200::217d | COUNTRY=CA | METHOD=POST | ENDPOINT=/api/v1/panchanga | QUERY= | STATUS=200 | DURATION=0.014s | REFERRER= | USER_AGENT=curl/8.12.1
2025-10-09T04:00:26.984Z | IP=2607:5300:205:200::217d | COUNTRY=CA | METHOD=POST | ENDPOINT=/api/v1/panchanga | QUERY= | STATUS=200 | DURATION=0.015s | REFERRER= | USER_AGENT=curl/8.12.1
2025-10-09T04:00:28.539Z | IP=2607:5300:205:200::217d | COUNTRY=CA | METHOD=POST | ENDPOINT=/api/v1/panchanga | QUERY= | STATUS=429 | DURATION=N/A | REFERRER= | USER_AGENT=curl/8.12.1
2025-10-09T04:00:28.582Z | IP=2607:5300:205:200::217d | COUNTRY=CA | METHOD=POST | ENDPOINT=/api/v1/panchanga | QUERY= | STATUS=429 | DURATION=N/A | REFERRER= | USER_AGENT=curl/8.12.1
2025-10-09T04:00:28.623Z | IP=2607:5300:205:200::217d | COUNTRY=CA | METHOD=POST | ENDPOINT=/api/v1/panchanga | QUERY= | STATUS=429 | DURATION=N/A | REFERRER= | USER_AGENT=curl/8.12.1
2025-10-09T04:00:28.669Z | IP=2607:5300:205:200::217d | COUNTRY=CA | METHOD=POST | ENDPOINT=/api/v1/panchanga | QUERY= | STATUS=429 | DURATION=N/A | REFERRER= | USER_AGENT=curl/8.12.1
2025-10-09T04:00:28.712Z | IP=2607:5300:205:200::217d | COUNTRY=CA | METHOD=POST | ENDPOINT=/api/v1/panchanga | QUERY= | STATUS=429 | DURATION=N/A | REFERRER= | USER_AGENT=curl/8.12.1
2025-10-09T04:00:30.254Z | IP=2607:5300:205:200::217d | COUNTRY=CA | METHOD=POST | ENDPOINT=/api/v1/panchanga | QUERY= | STATUS=429 | DURATION=N/A | REFERRER= | USER_AGENT=curl/8.12.1
2025-10-09T04:00:30.300Z | IP=2607:5300:205:200::217d | COUNTRY=CA | METHOD=POST | ENDPOINT=/api/v1/panchanga | QUERY= | STATUS=429 | DURATION=N/A | REFERRER= | USER_AGENT=curl/8.12.1
2025-10-09T04:00:30.342Z | IP=2607:5300:205:200::217d | COUNTRY=CA | METHOD=POST | ENDPOINT=/api/v1/panchanga | QUERY= | STATUS=429 | DURATION=N/A | REFERRER= | USER_AGENT=curl/8.12.1
2025-10-09T04:00:30.384Z | IP=2607:5300:205:200::217d | COUNTRY=CA | METHOD=POST | ENDPOINT=/api/v1/panchanga | QUERY= | STATUS=429 | DURATION=N/A | REFERRER= | USER_AGENT=curl/8.12.1
2025-10-09T04:00:30.443Z | IP=2607:5300:205:200::217d | COUNTRY=CA | METHOD=POST | ENDPOINT=/api/v1/panchanga | QUERY= | STATUS=429 | DURATION=N/A | REFERRER= | USER_AGENT=curl/8.12.1
2025-10-09T04:00:31.988Z | IP=2607:5300:205:200::217d | COUNTRY=CA | METHOD=POST | ENDPOINT=/api/v1/panchanga | QUERY= | STATUS=429 | DURATION=0.001s | REFERRER= | USER_AGENT=curl/8.12.1
2025-10-09T04:00:32.029Z | IP=2607:5300:205:200::217d | COUNTRY=CA | METHOD=POST | ENDPOINT=/api/v1/panchanga | QUERY= | STATUS=429 | DURATION=N/A | REFERRER= | USER_AGENT=curl/8.12.1
2025-10-09T04:00:32.069Z | IP=2607:5300:205:200::217d | COUNTRY=CA | METHOD=POST | ENDPOINT=/api/v1/panchanga | QUERY= | STATUS=429 | DURATION=N/A | REFERRER= | USER_AGENT=curl/8.12.1
2025-10-09T04:00:32.113Z | IP=2607:5300:205:200::217d | COUNTRY=CA | METHOD=POST | ENDPOINT=/api/v1/panchanga | QUERY= | STATUS=429 | DURATION=N/A | REFERRER= | USER_AGENT=curl/8.12.1
2025-10-09T04:00:32.152Z | IP=2607:5300:205:200::217d | COUNTRY=CA | METHOD=POST | ENDPOINT=/api/v1/panchanga | QUERY= | STATUS=429 | DURATION=N/A | REFERRER= | USER_AGENT=curl/8.12.1
2025-10-09T04:00:33.695Z | IP=2607:5300:205:200::217d | COUNTRY=CA | METHOD=POST | ENDPOINT=/api/v1/panchanga | QUERY= | STATUS=429 | DURATION=0.001s | REFERRER= | USER_AGENT=curl/8.12.1
2025-10-09T04:00:33.739Z | IP=2607:5300:205:200::217d | COUNTRY=CA | METHOD=POST | ENDPOINT=/api/v1/panchanga | QUERY= | STATUS=429 | DURATION=N/A | REFERRER= | USER_AGENT=curl/8.12.1
2025-10-09T04:00:33.777Z | IP=2607:5300:205:200::217d | COUNTRY=CA | METHOD=POST | ENDPOINT=/api/v1/panchanga | QUERY= | STATUS=429 | DURATION=N/A | REFERRER= | USER_AGENT=curl/8.12.1
2025-10-09T04:00:33.823Z | IP=2607:5300:205:200::217d | COUNTRY=CA | METHOD=POST | ENDPOINT=/api/v1/panchanga | QUERY= | STATUS=429 | DURATION=N/A | REFERRER= | USER_AGENT=curl/8.12.1
2025-10-09T04:00:33.865Z | IP=2607:5300:205:200::217d | COUNTRY=CA | METHOD=POST | ENDPOINT=/api/v1/panchanga | QUERY= | STATUS=429 | DURATION=N/A | REFERRER= | USER_AGENT=curl/8.12.1
2025-10-09T04:00:35.434Z | IP=2607:5300:205:200::217d | COUNTRY=CA | METHOD=POST | ENDPOINT=/api/v1/panchanga | QUERY= | STATUS=200 | DURATION=0.016s | REFERRER= | USER_AGENT=curl/8.12.1
2025-10-09T04:00:35.490Z | IP=2607:5300:205:200::217d | COUNTRY=CA | METHOD=POST | ENDPOINT=/api/v1/panchanga | QUERY= | STATUS=200 | DURATION=0.016s | REFERRER= | USER_AGENT=curl/8.12.1
2025-10-09T04:00:35.545Z | IP=2607:5300:205:200::217d | COUNTRY=CA | METHOD=POST | ENDPOINT=/api/v1/panchanga | QUERY= | STATUS=200 | DURATION=0.015s | REFERRER= | USER_AGENT=curl/8.12.1
2025-10-09T04:00:35.600Z | IP=2607:5300:205:200::217d | COUNTRY=CA | METHOD=POST | ENDPOINT=/api/v1/panchanga | QUERY= | STATUS=200 | DURATION=0.012s | REFERRER= | USER_AGENT=curl/8.12.1
2025-10-09T04:00:35.665Z | IP=2607:5300:205:200::217d | COUNTRY=CA | METHOD=POST | ENDPOINT=/api/v1/panchanga | QUERY= | STATUS=200 | DURATION=0.014s | REFERRER= | USER_AGENT=curl/8.12.1
2025-10-09T04:00:37.222Z | IP=2607:5300:205:200::217d | COUNTRY=CA | METHOD=POST | ENDPOINT=/api/v1/panchanga | QUERY= | STATUS=200 | DURATION=0.013s | REFERRER= | USER_AGENT=curl/8.12.1
2025-10-09T04:00:37.278Z | IP=2607:5300:205:200::217d | COUNTRY=CA | METHOD=POST | ENDPOINT=/api/v1/panchanga | QUERY= | STATUS=200 | DURATION=0.013s | REFERRER= | USER_AGENT=curl/8.12.1
2025-10-09T04:00:37.330Z | IP=2607:5300:205:200::217d | COUNTRY=CA | METHOD=POST | ENDPOINT=/api/v1/panchanga | QUERY= | STATUS=200 | DURATION=0.014s | REFERRER= | USER_AGENT=curl/8.12.1
2025-10-09T04:00:37.384Z | IP=2607:5300:205:200::217d | COUNTRY=CA | METHOD=POST | ENDPOINT=/api/v1/panchanga | QUERY= | STATUS=200 | DURATION=0.014s | REFERRER= | USER_AGENT=curl/8.12.1
2025-10-09T04:00:37.440Z | IP=2607:5300:205:200::217d | COUNTRY=CA | METHOD=POST | ENDPOINT=/api/v1/panchanga | QUERY= | STATUS=200 | DURATION=0.013s | REFERRER= | USER_AGENT=curl/8.12.1
2025-10-09T04:00:38.990Z | IP=2607:5300:205:200::217d | COUNTRY=CA | METHOD=POST | ENDPOINT=/api/v1/panchanga | QUERY= | STATUS=429 | DURATION=N/A | REFERRER= | USER_AGENT=curl/8.12.1
2025-10-09T04:00:39.040Z | IP=2607:5300:205:200::217d | COUNTRY=CA | METHOD=POST | ENDPOINT=/api/v1/panchanga | QUERY= | STATUS=429 | DURATION=0.001s | REFERRER= | USER_AGENT=curl/8.12.1
2025-10-09T04:00:39.082Z | IP=2607:5300:205:200::217d | COUNTRY=CA | METHOD=POST | ENDPOINT=/api/v1/panchanga | QUERY= | STATUS=429 | DURATION=N/A | REFERRER= | USER_AGENT=curl/8.12.1
2025-10-09T04:00:39.125Z | IP=2607:5300:205:200::217d | COUNTRY=CA | METHOD=POST | ENDPOINT=/api/v1/panchanga | QUERY= | STATUS=429 | DURATION=N/A | REFERRER= | USER_AGENT=curl/8.12.1
2025-10-09T04:00:39.167Z | IP=2607:5300:205:200::217d | COUNTRY=CA | METHOD=POST | ENDPOINT=/api/v1/panchanga | QUERY= | STATUS=429 | DURATION=N/A | REFERRER= | USER_AGENT=curl/8.12.1
2025-10-09T04:00:40.710Z | IP=2607:5300:205:200::217d | COUNTRY=CA | METHOD=POST | ENDPOINT=/api/v1/panchanga | QUERY= | STATUS=429 | DURATION=N/A | REFERRER= | USER_AGENT=curl/8.12.1
2025-10-09T04:00:40.752Z | IP=2607:5300:205:200::217d | COUNTRY=CA | METHOD=POST | ENDPOINT=/api/v1/panchanga | QUERY= | STATUS=429 | DURATION=N/A | REFERRER= | USER_AGENT=curl/8.12.1
2025-10-09T04:00:40.796Z | IP=2607:5300:205:200::217d | COUNTRY=CA | METHOD=POST | ENDPOINT=/api/v1/panchanga | QUERY= | STATUS=429 | DURATION=N/A | REFERRER= | USER_AGENT=curl/8.12.1
2025-10-09T04:00:40.833Z | IP=2607:5300:205:200::217d | COUNTRY=CA | METHOD=POST | ENDPOINT=/api/v1/panchanga | QUERY= | STATUS=429 | DURATION=N/A | REFERRER= | USER_AGENT=curl/8.12.1
2025-10-09T04:00:40.871Z | IP=2607:5300:205:200::217d | COUNTRY=CA | METHOD=POST | ENDPOINT=/api/v1/panchanga | QUERY= | STATUS=429 | DURATION=0.001s | REFERRER= | USER_AGENT=curl/8.12.1
2025-10-09T04:00:43.734Z | IP=2607:5300:205:200::217d | COUNTRY=CA | METHOD=POST | ENDPOINT=/api/v1/panchanga | QUERY= | STATUS=429 | DURATION=N/A | REFERRER= | USER_AGENT=curl/8.12.1
2025-10-09T04:00:43.739Z | IP=2607:5300:205:200::217d | COUNTRY=CA | METHOD=POST | ENDPOINT=/api/v1/panchanga | QUERY= | STATUS=429 | DURATION=N/A | REFERRER= | USER_AGENT=curl/8.12.1
2025-10-09T04:00:43.743Z | IP=2607:5300:205:200::217d | COUNTRY=CA | METHOD=POST | ENDPOINT=/api/v1/panchanga | QUERY= | STATUS=429 | DURATION=N/A | REFERRER= | USER_AGENT=curl/8.12.1
2025-10-09T04:00:43.747Z | IP=2607:5300:205:200::217d | COUNTRY=CA | METHOD=POST | ENDPOINT=/api/v1/panchanga | QUERY= | STATUS=429 | DURATION=N/A | REFERRER= | USER_AGENT=curl/8.12.1
2025-10-09T04:00:43.751Z | IP=2607:5300:205:200::217d | COUNTRY=CA | METHOD=POST | ENDPOINT=/api/v1/panchanga | QUERY= | STATUS=429 | DURATION=N/A | REFERRER= | USER_AGENT=curl/8.12.1
2025-10-09T04:00:43.756Z | IP=2607:5300:205:200::217d | COUNTRY=CA | METHOD=POST | ENDPOINT=/api/v1/panchanga | QUERY= | STATUS=429 | DURATION=N/A | REFERRER= | USER_AGENT=curl/8.12.1
2025-10-09T04:00:43.760Z | IP=2607:5300:205:200::217d | COUNTRY=CA | METHOD=POST | ENDPOINT=/api/v1/panchanga | QUERY= | STATUS=429 | DURATION=N/A | REFERRER= | USER_AGENT=curl/8.12.1
2025-10-09T04:00:43.764Z | IP=2607:5300:205:200::217d | COUNTRY=CA | METHOD=POST | ENDPOINT=/api/v1/panchanga | QUERY= | STATUS=429 | DURATION=N/A | REFERRER= | USER_AGENT=curl/8.12.1
2025-10-09T04:00:43.767Z | IP=2607:5300:205:200::217d | COUNTRY=CA | METHOD=POST | ENDPOINT=/api/v1/panchanga | QUERY= | STATUS=429 | DURATION=N/A | REFERRER= | USER_AGENT=curl/8.12.1
2025-10-09T04:00:43.771Z | IP=2607:5300:205:200::217d | COUNTRY=CA | METHOD=POST | ENDPOINT=/api/v1/panchanga | QUERY= | STATUS=429 | DURATION=N/A | REFERRER= | USER_AGENT=curl/8.12.1
2025-10-09T04:00:43.775Z | IP=2607:5300:205:200::217d | COUNTRY=CA | METHOD=POST | ENDPOINT=/api/v1/panchanga | QUERY= | STATUS=429 | DURATION=N/A | REFERRER= | USER_AGENT=curl/8.12.1
2025-10-09T04:00:43.785Z | IP=2607:5300:205:200::217d | COUNTRY=CA | METHOD=POST | ENDPOINT=/api/v1/panchanga | QUERY= | STATUS=429 | DURATION=N/A | REFERRER= | USER_AGENT=curl/8.12.1
2025-10-09T04:00:43.791Z | IP=2607:5300:205:200::217d | COUNTRY=CA | METHOD=POST | ENDPOINT=/api/v1/panchanga | QUERY= | STATUS=429 | DURATION=N/A | REFERRER= | USER_AGENT=curl/8.12.1
2025-10-09T04:00:43.797Z | IP=2607:5300:205:200::217d | COUNTRY=CA | METHOD=POST | ENDPOINT=/api/v1/panchanga | QUERY= | STATUS=429 | DURATION=0.001s | REFERRER= | USER_AGENT=curl/8.12.1
2025-10-09T04:00:43.816Z | IP=2607:5300:205:200::217d | COUNTRY=CA | METHOD=POST | ENDPOINT=/api/v1/panchanga | QUERY= | STATUS=429 | DURATION=N/A | REFERRER= | USER_AGENT=curl/8.12.1
2025-10-09T04:00:43.820Z | IP=2607:5300:205:200::217d | COUNTRY=CA | METHOD=POST | ENDPOINT=/api/v1/panchanga | QUERY= | STATUS=429 | DURATION=N/A | REFERRER= | USER_AGENT=curl/8.12.1
2025-10-09T04:00:43.824Z | IP=2607:5300:205:200::217d | COUNTRY=CA | METHOD=POST | ENDPOINT=/api/v1/panchanga | QUERY= | STATUS=429 | DURATION=N/A | REFERRER= | USER_AGENT=curl/8.12.1
2025-10-09T04:00:43.828Z | IP=2607:5300:205:200::217d | COUNTRY=CA | METHOD=POST | ENDPOINT=/api/v1/panchanga | QUERY= | STATUS=429 | DURATION=N/A | REFERRER= | USER_AGENT=curl/8.12.1
2025-10-09T04:00:43.846Z | IP=2607:5300:205:200::217d | COUNTRY=CA | METHOD=POST | ENDPOINT=/api/v1/panchanga | QUERY= | STATUS=429 | DURATION=N/A | REFERRER= | USER_AGENT=curl/8.12.1
2025-10-09T04:00:43.850Z | IP=2607:5300:205:200::217d | COUNTRY=CA | METHOD=POST | ENDPOINT=/api/v1/panchanga | QUERY= | STATUS=429 | DURATION=N/A | REFERRER= | USER_AGENT=curl/8.12.1
2025-10-09T04:00:43.854Z | IP=2607:5300:205:200::217d | COUNTRY=CA | METHOD=POST | ENDPOINT=/api/v1/panchanga | QUERY= | STATUS=429 | DURATION=N/A | REFERRER= | USER_AGENT=curl/8.12.1
2025-10-09T04:00:43.858Z | IP=2607:5300:205:200::217d | COUNTRY=CA | METHOD=POST | ENDPOINT=/api/v1/panchanga | QUERY= | STATUS=429 | DURATION=N/A | REFERRER= | USER_AGENT=curl/8.12.1
2025-10-09T04:00:43.862Z | IP=2607:5300:205:200::217d | COUNTRY=CA | METHOD=POST | ENDPOINT=/api/v1/panchanga | QUERY= | STATUS=429 | DURATION=N/A | REFERRER= | USER_AGENT=curl/8.12.1
2025-10-09T04:00:43.867Z | IP=2607:5300:205:200::217d | COUNTRY=CA | METHOD=POST | ENDPOINT=/api/v1/panchanga | QUERY= | STATUS=429 | DURATION=0.001s | REFERRER= | USER_AGENT=curl/8.12.1
2025-10-09T04:00:43.871Z | IP=2607:5300:205:200::217d | COUNTRY=CA | METHOD=POST | ENDPOINT=/api/v1/panchanga | QUERY= | STATUS=429 | DURATION=0.001s | REFERRER= | USER_AGENT=curl/8.12.1
2025-10-09T04:00:43.875Z | IP=2607:5300:205:200::217d | COUNTRY=CA | METHOD=POST | ENDPOINT=/api/v1/panchanga | QUERY= | STATUS=429 | DURATION=N/A | REFERRER= | USER_AGENT=curl/8.12.1
2025-10-09T04:00:43.879Z | IP=2607:5300:205:200::217d | COUNTRY=CA | METHOD=POST | ENDPOINT=/api/v1/panchanga | QUERY= | STATUS=429 | DURATION=N/A | REFERRER= | USER_AGENT=curl/8.12.1
2025-10-09T04:00:43.883Z | IP=2607:5300:205:200::217d | COUNTRY=CA | METHOD=POST | ENDPOINT=/api/v1/panchanga | QUERY= | STATUS=429 | DURATION=N/A | REFERRER= | USER_AGENT=curl/8.12.1
2025-10-09T04:00:43.895Z | IP=2607:5300:205:200::217d | COUNTRY=CA | METHOD=POST | ENDPOINT=/api/v1/panchanga | QUERY= | STATUS=429 | DURATION=N/A | REFERRER= | USER_AGENT=curl/8.12.1
2025-10-09T04:00:43.900Z | IP=2607:5300:205:200::217d | COUNTRY=CA | METHOD=POST | ENDPOINT=/api/v1/panchanga | QUERY= | STATUS=429 | DURATION=0.001s | REFERRER= | USER_AGENT=curl/8.12.1
2025-10-09T04:00:43.909Z | IP=2607:5300:205:200::217d | COUNTRY=CA | METHOD=POST | ENDPOINT=/api/v1/panchanga | QUERY= | STATUS=429 | DURATION=N/A | REFERRER= | USER_AGENT=curl/8.12.1
2025-10-09T04:00:43.918Z | IP=2607:5300:205:200::217d | COUNTRY=CA | METHOD=POST | ENDPOINT=/api/v1/panchanga | QUERY= | STATUS=429 | DURATION=N/A | REFERRER= | USER_AGENT=curl/8.12.1
2025-10-09T04:00:43.923Z | IP=2607:5300:205:200::217d | COUNTRY=CA | METHOD=POST | ENDPOINT=/api/v1/panchanga | QUERY= | STATUS=429 | DURATION=N/A | REFERRER= | USER_AGENT=curl/8.12.1
2025-10-09T04:00:43.928Z | IP=2607:5300:205:200::217d | COUNTRY=CA | METHOD=POST | ENDPOINT=/api/v1/panchanga | QUERY= | STATUS=429 | DURATION=N/A | REFERRER= | USER_AGENT=curl/8.12.1
2025-10-09T04:00:43.933Z | IP=2607:5300:205:200::217d | COUNTRY=CA | METHOD=POST | ENDPOINT=/api/v1/panchanga | QUERY= | STATUS=429 | DURATION=N/A | REFERRER= | USER_AGENT=curl/8.12.1
2025-10-09T04:00:43.937Z | IP=2607:5300:205:200::217d | COUNTRY=CA | METHOD=POST | ENDPOINT=/api/v1/panchanga | QUERY= | STATUS=429 | DURATION=N/A | REFERRER= | USER_AGENT=curl/8.12.1
2025-10-09T04:00:43.943Z | IP=2607:5300:205:200::217d | COUNTRY=CA | METHOD=POST | ENDPOINT=/api/v1/panchanga | QUERY= | STATUS=429 | DURATION=N/A | REFERRER= | USER_AGENT=curl/8.12.1
2025-10-09T04:00:43.947Z | IP=2607:5300:205:200::217d | COUNTRY=CA | METHOD=POST | ENDPOINT=/api/v1/panchanga | QUERY= | STATUS=429 | DURATION=N/A | REFERRER= | USER_AGENT=curl/8.12.1
2025-10-09T04:00:43.951Z | IP=2607:5300:205:200::217d | COUNTRY=CA | METHOD=POST | ENDPOINT=/api/v1/panchanga | QUERY= | STATUS=429 | DURATION=N/A | REFERRER= | USER_AGENT=curl/8.12.1
2025-10-09T04:00:43.957Z | IP=2607:5300:205:200::217d | COUNTRY=CA | METHOD=POST | ENDPOINT=/api/v1/panchanga | QUERY= | STATUS=429 | DURATION=N/A | REFERRER= | USER_AGENT=curl/8.12.1
2025-10-09T04:00:43.962Z | IP=2607:5300:205:200::217d | COUNTRY=CA | METHOD=POST | ENDPOINT=/api/v1/panchanga | QUERY= | STATUS=429 | DURATION=0.001s | REFERRER= | USER_AGENT=curl/8.12.1
2025-10-09T04:00:43.965Z | IP=2607:5300:205:200::217d | COUNTRY=CA | METHOD=POST | ENDPOINT=/api/v1/panchanga | QUERY= | STATUS=429 | DURATION=N/A | REFERRER= | USER_AGENT=curl/8.12.1
2025-10-09T04:00:43.976Z | IP=2607:5300:205:200::217d | COUNTRY=CA | METHOD=POST | ENDPOINT=/api/v1/panchanga | QUERY= | STATUS=429 | DURATION=N/A | REFERRER= | USER_AGENT=curl/8.12.1
2025-10-09T04:00:43.980Z | IP=2607:5300:205:200::217d | COUNTRY=CA | METHOD=POST | ENDPOINT=/api/v1/panchanga | QUERY= | STATUS=429 | DURATION=N/A | REFERRER= | USER_AGENT=curl/8.12.1
2025-10-09T04:00:43.984Z | IP=2607:5300:205:200::217d | COUNTRY=CA | METHOD=POST | ENDPOINT=/api/v1/panchanga | QUERY= | STATUS=429 | DURATION=N/A | REFERRER= | USER_AGENT=curl/8.12.1
2025-10-09T04:00:43.988Z | IP=2607:5300:205:200::217d | COUNTRY=CA | METHOD=POST | ENDPOINT=/api/v1/panchanga | QUERY= | STATUS=429 | DURATION=N/A | REFERRER= | USER_AGENT=curl/8.12.1
2025-10-09T04:00:43.996Z | IP=2607:5300:205:200::217d | COUNTRY=CA | METHOD=POST | ENDPOINT=/api/v1/panchanga | QUERY= | STATUS=429 | DURATION=N/A | REFERRER= | USER_AGENT=curl/8.12.1
2025-10-09T04:00:44.000Z | IP=2607:5300:205:200::217d | COUNTRY=CA | METHOD=POST | ENDPOINT=/api/v1/panchanga | QUERY= | STATUS=429 | DURATION=N/A | REFERRER= | USER_AGENT=curl/8.12.1
2025-10-09T04:00:44.005Z | IP=2607:5300:205:200::217d | COUNTRY=CA | METHOD=POST | ENDPOINT=/api/v1/panchanga | QUERY= | STATUS=429 | DURATION=N/A | REFERRER= | USER_AGENT=curl/8.12.1
2025-10-09T04:00:44.010Z | IP=2607:5300:205:200::217d | COUNTRY=CA | METHOD=POST | ENDPOINT=/api/v1/panchanga | QUERY= | STATUS=429 | DURATION=N/A | REFERRER= | USER_AGENT=curl/8.12.1
2025-10-09T04:00:44.018Z | IP=2607:5300:205:200::217d | COUNTRY=CA | METHOD=POST | ENDPOINT=/api/v1/panchanga | QUERY= | STATUS=429 | DURATION=N/A | REFERRER= | USER_AGENT=curl/8.12.1
2025-10-09T04:00:44.022Z | IP=2607:5300:205:200::217d | COUNTRY=CA | METHOD=POST | ENDPOINT=/api/v1/panchanga | QUERY= | STATUS=429 | DURATION=N/A | REFERRER= | USER_AGENT=curl/8.12.1
2025-10-09T04:00:44.032Z | IP=2607:5300:205:200::217d | COUNTRY=CA | METHOD=POST | ENDPOINT=/api/v1/panchanga | QUERY= | STATUS=429 | DURATION=N/A | REFERRER= | USER_AGENT=curl/8.12.1
2025-10-09T04:00:44.040Z | IP=2607:5300:205:200::217d | COUNTRY=CA | METHOD=POST | ENDPOINT=/api/v1/panchanga | QUERY= | STATUS=429 | DURATION=N/A | REFERRER= | USER_AGENT=curl/8.12.1
2025-10-09T04:00:44.045Z | IP=2607:5300:205:200::217d | COUNTRY=CA | METHOD=POST | ENDPOINT=/api/v1/panchanga | QUERY= | STATUS=429 | DURATION=0.001s | REFERRER= | USER_AGENT=curl/8.12.1
2025-10-09T04:00:44.051Z | IP=2607:5300:205:200::217d | COUNTRY=CA | METHOD=POST | ENDPOINT=/api/v1/panchanga | QUERY= | STATUS=429 | DURATION=N/A | REFERRER= | USER_AGENT=curl/8.12.1
2025-10-09T04:00:44.056Z | IP=2607:5300:205:200::217d | COUNTRY=CA | METHOD=POST | ENDPOINT=/api/v1/panchanga | QUERY= | STATUS=429 | DURATION=N/A | REFERRER= | USER_AGENT=curl/8.12.1
2025-10-09T04:00:44.063Z | IP=2607:5300:205:200::217d | COUNTRY=CA | METHOD=POST | ENDPOINT=/api/v1/panchanga | QUERY= | STATUS=429 | DURATION=N/A | REFERRER= | USER_AGENT=curl/8.12.1
2025-10-09T04:00:44.068Z | IP=2607:5300:205:200::217d | COUNTRY=CA | METHOD=POST | ENDPOINT=/api/v1/panchanga | QUERY= | STATUS=429 | DURATION=N/A | REFERRER= | USER_AGENT=curl/8.12.1
2025-10-09T04:00:44.073Z | IP=2607:5300:205:200::217d | COUNTRY=CA | METHOD=POST | ENDPOINT=/api/v1/panchanga | QUERY= | STATUS=429 | DURATION=N/A | REFERRER= | USER_AGENT=curl/8.12.1
2025-10-09T04:00:44.076Z | IP=2607:5300:205:200::217d | COUNTRY=CA | METHOD=POST | ENDPOINT=/api/v1/panchanga | QUERY= | STATUS=429 | DURATION=N/A | REFERRER= | USER_AGENT=curl/8.12.1
2025-10-09T04:00:44.080Z | IP=2607:5300:205:200::217d | COUNTRY=CA | METHOD=POST | ENDPOINT=/api/v1/panchanga | QUERY= | STATUS=429 | DURATION=N/A | REFERRER= | USER_AGENT=curl/8.12.1
2025-10-09T04:00:44.086Z | IP=2607:5300:205:200::217d | COUNTRY=CA | METHOD=POST | ENDPOINT=/api/v1/panchanga | QUERY= | STATUS=429 | DURATION=N/A | REFERRER= | USER_AGENT=curl/8.12.1
2025-10-09T04:00:44.090Z | IP=2607:5300:205:200::217d | COUNTRY=CA | METHOD=POST | ENDPOINT=/api/v1/panchanga | QUERY= | STATUS=429 | DURATION=N/A | REFERRER= | USER_AGENT=curl/8.12.1
2025-10-09T04:00:44.094Z | IP=2607:5300:205:200::217d | COUNTRY=CA | METHOD=POST | ENDPOINT=/api/v1/panchanga | QUERY= | STATUS=429 | DURATION=N/A | REFERRER= | USER_AGENT=curl/8.12.1
2025-10-09T04:00:44.098Z | IP=2607:5300:205:200::217d | COUNTRY=CA | METHOD=POST | ENDPOINT=/api/v1/panchanga | QUERY= | STATUS=429 | DURATION=0.001s | REFERRER= | USER_AGENT=curl/8.12.1
2025-10-09T04:00:44.104Z | IP=2607:5300:205:200::217d | COUNTRY=CA | METHOD=POST | ENDPOINT=/api/v1/panchanga | QUERY= | STATUS=429 | DURATION=N/A | REFERRER= | USER_AGENT=curl/8.12.1
2025-10-09T04:00:44.109Z | IP=2607:5300:205:200::217d | COUNTRY=CA | METHOD=POST | ENDPOINT=/api/v1/panchanga | QUERY= | STATUS=429 | DURATION=0.001s | REFERRER= | USER_AGENT=curl/8.12.1
2025-10-09T04:00:44.113Z | IP=2607:5300:205:200::217d | COUNTRY=CA | METHOD=POST | ENDPOINT=/api/v1/panchanga | QUERY= | STATUS=429 | DURATION=N/A | REFERRER= | USER_AGENT=curl/8.12.1
2025-10-09T04:00:44.118Z | IP=2607:5300:205:200::217d | COUNTRY=CA | METHOD=POST | ENDPOINT=/api/v1/panchanga | QUERY= | STATUS=429 | DURATION=N/A | REFERRER= | USER_AGENT=curl/8.12.1
2025-10-09T04:00:44.125Z | IP=2607:5300:205:200::217d | COUNTRY=CA | METHOD=POST | ENDPOINT=/api/v1/panchanga | QUERY= | STATUS=429 | DURATION=N/A | REFERRER= | USER_AGENT=curl/8.12.1
2025-10-09T04:00:44.139Z | IP=2607:5300:205:200::217d | COUNTRY=CA | METHOD=POST | ENDPOINT=/api/v1/panchanga | QUERY= | STATUS=429 | DURATION=0.001s | REFERRER= | USER_AGENT=curl/8.12.1
2025-10-09T04:00:44.148Z | IP=2607:5300:205:200::217d | COUNTRY=CA | METHOD=POST | ENDPOINT=/api/v1/panchanga | QUERY= | STATUS=429 | DURATION=N/A | REFERRER= | USER_AGENT=curl/8.12.1
2025-10-09T04:00:44.155Z | IP=2607:5300:205:200::217d | COUNTRY=CA | METHOD=POST | ENDPOINT=/api/v1/panchanga | QUERY= | STATUS=429 | DURATION=N/A | REFERRER= | USER_AGENT=curl/8.12.1
2025-10-09T04:00:44.159Z | IP=2607:5300:205:200::217d | COUNTRY=CA | METHOD=POST | ENDPOINT=/api/v1/panchanga | QUERY= | STATUS=429 | DURATION=N/A | REFERRER= | USER_AGENT=curl/8.12.1
2025-10-09T04:00:44.164Z | IP=2607:5300:205:200::217d | COUNTRY=CA | METHOD=POST | ENDPOINT=/api/v1/panchanga | QUERY= | STATUS=429 | DURATION=N/A | REFERRER= | USER_AGENT=curl/8.12.1
2025-10-09T04:00:44.167Z | IP=2607:5300:205:200::217d | COUNTRY=CA | METHOD=POST | ENDPOINT=/api/v1/panchanga | QUERY= | STATUS=429 | DURATION=N/A | REFERRER= | USER_AGENT=curl/8.12.1
2025-10-09T04:00:44.172Z | IP=2607:5300:205:200::217d | COUNTRY=CA | METHOD=POST | ENDPOINT=/api/v1/panchanga | QUERY= | STATUS=429 | DURATION=0.001s | REFERRER= | USER_AGENT=curl/8.12.1
2025-10-09T04:00:44.176Z | IP=2607:5300:205:200::217d | COUNTRY=CA | METHOD=POST | ENDPOINT=/api/v1/panchanga | QUERY= | STATUS=429 | DURATION=N/A | REFERRER= | USER_AGENT=curl/8.12.1
2025-10-09T04:00:44.179Z | IP=2607:5300:205:200::217d | COUNTRY=CA | METHOD=POST | ENDPOINT=/api/v1/panchanga | QUERY= | STATUS=429 | DURATION=N/A | REFERRER= | USER_AGENT=curl/8.12.1
2025-10-09T04:00:44.183Z | IP=2607:5300:205:200::217d | COUNTRY=CA | METHOD=POST | ENDPOINT=/api/v1/panchanga | QUERY= | STATUS=429 | DURATION=N/A | REFERRER= | USER_AGENT=curl/8.12.1
2025-10-09T04:00:44.196Z | IP=2607:5300:205:200::217d | COUNTRY=CA | METHOD=POST | ENDPOINT=/api/v1/panchanga | QUERY= | STATUS=429 | DURATION=0.001s | REFERRER= | USER_AGENT=curl/8.12.1
2025-10-09T04:00:44.199Z | IP=2607:5300:205:200::217d | COUNTRY=CA | METHOD=POST | ENDPOINT=/api/v1/panchanga | QUERY= | STATUS=429 | DURATION=N/A | REFERRER= | USER_AGENT=curl/8.12.1
2025-10-09T04:00:44.209Z | IP=2607:5300:205:200::217d | COUNTRY=CA | METHOD=POST | ENDPOINT=/api/v1/panchanga | QUERY= | STATUS=429 | DURATION=N/A | REFERRER= | USER_AGENT=curl/8.12.1
2025-10-09T04:00:44.214Z | IP=2607:5300:205:200::217d | COUNTRY=CA | METHOD=POST | ENDPOINT=/api/v1/panchanga | QUERY= | STATUS=429 | DURATION=N/A | REFERRER= | USER_AGENT=curl/8.12.1
2025-10-09T04:00:44.225Z | IP=2607:5300:205:200::217d | COUNTRY=CA | METHOD=POST | ENDPOINT=/api/v1/panchanga | QUERY= | STATUS=429 | DURATION=N/A | REFERRER= | USER_AGENT=curl/8.12.1
2025-10-09T04:00:44.234Z | IP=2607:5300:205:200::217d | COUNTRY=CA | METHOD=POST | ENDPOINT=/api/v1/panchanga | QUERY= | STATUS=429 | DURATION=N/A | REFERRER= | USER_AGENT=curl/8.12.1
2025-10-09T04:00:44.242Z | IP=2607:5300:205:200::217d | COUNTRY=CA | METHOD=POST | ENDPOINT=/api/v1/panchanga | QUERY= | STATUS=429 | DURATION=0.001s | REFERRER= | USER_AGENT=curl/8.12.1
2025-10-09T04:00:44.252Z | IP=2607:5300:205:200::217d | COUNTRY=CA | METHOD=POST | ENDPOINT=/api/v1/panchanga | QUERY= | STATUS=429 | DURATION=N/A | REFERRER= | USER_AGENT=curl/8.12.1
2025-10-09T04:00:44.258Z | IP=2607:5300:205:200::217d | COUNTRY=CA | METHOD=POST | ENDPOINT=/api/v1/panchanga | QUERY= | STATUS=429 | DURATION=N/A | REFERRER= | USER_AGENT=curl/8.12.1
2025-10-09T04:00:44.271Z | IP=2607:5300:205:200::217d | COUNTRY=CA | METHOD=POST | ENDPOINT=/api/v1/panchanga | QUERY= | STATUS=429 | DURATION=N/A | REFERRER= | USER_AGENT=curl/8.12.1
2025-10-09T04:00:44.276Z | IP=2607:5300:205:200::217d | COUNTRY=CA | METHOD=POST | ENDPOINT=/api/v1/panchanga | QUERY= | STATUS=429 | DURATION=N/A | REFERRER= | USER_AGENT=curl/8.12.1
2025-10-09T04:00:44.281Z | IP=2607:5300:205:200::217d | COUNTRY=CA | METHOD=POST | ENDPOINT=/api/v1/panchanga | QUERY= | STATUS=429 | DURATION=N/A | REFERRER= | USER_AGENT=curl/8.12.1
2025-10-09T04:00:44.286Z | IP=2607:5300:205:200::217d | COUNTRY=CA | METHOD=POST | ENDPOINT=/api/v1/panchanga | QUERY= | STATUS=429 | DURATION=0.001s | REFERRER= | USER_AGENT=curl/8.12.1
2025-10-09T04:00:44.290Z | IP=2607:5300:205:200::217d | COUNTRY=CA | METHOD=POST | ENDPOINT=/api/v1/panchanga | QUERY= | STATUS=429 | DURATION=N/A | REFERRER= | USER_AGENT=curl/8.12.1
2025-10-09T04:00:44.294Z | IP=2607:5300:205:200::217d | COUNTRY=CA | METHOD=POST | ENDPOINT=/api/v1/panchanga | QUERY= | STATUS=429 | DURATION=N/A | REFERRER= | USER_AGENT=curl/8.12.1
2025-10-09T04:00:44.298Z | IP=2607:5300:205:200::217d | COUNTRY=CA | METHOD=POST | ENDPOINT=/api/v1/panchanga | QUERY= | STATUS=429 | DURATION=N/A | REFERRER= | USER_AGENT=curl/8.12.1
2025-10-09T04:00:44.302Z | IP=2607:5300:205:200::217d | COUNTRY=CA | METHOD=POST | ENDPOINT=/api/v1/panchanga | QUERY= | STATUS=429 | DURATION=N/A | REFERRER= | USER_AGENT=curl/8.12.1
2025-10-09T04:00:44.306Z | IP=2607:5300:205:200::217d | COUNTRY=CA | METHOD=POST | ENDPOINT=/api/v1/panchanga | QUERY= | STATUS=429 | DURATION=N/A | REFERRER= | USER_AGENT=curl/8.12.1
2025-10-09T04:00:44.309Z | IP=2607:5300:205:200::217d | COUNTRY=CA | METHOD=POST | ENDPOINT=/api/v1/panchanga | QUERY= | STATUS=429 | DURATION=N/A | REFERRER= | USER_AGENT=curl/8.12.1
2025-10-09T04:01:05.491Z | IP=2607:5300:205:200::217d | COUNTRY=CA | METHOD=POST | ENDPOINT=/api/v1/panchanga | QUERY= | STATUS=200 | DURATION=0.068s | REFERRER= | USER_AGENT=curl/8.12.1
2025-10-09T04:01:05.493Z | IP=2607:5300:205:200::217d | COUNTRY=CA | METHOD=POST | ENDPOINT=/api/v1/panchanga | QUERY= | STATUS=200 | DURATION=0.061s | REFERRER= | USER_AGENT=curl/8.12.1
2025-10-09T04:01:05.503Z | IP=2607:5300:205:200::217d | COUNTRY=CA | METHOD=POST | ENDPOINT=/api/v1/panchanga | QUERY= | STATUS=200 | DURATION=0.062s | REFERRER= | USER_AGENT=curl/8.12.1
2025-10-09T04:01:05.523Z | IP=2607:5300:205:200::217d | COUNTRY=CA | METHOD=POST | ENDPOINT=/api/v1/panchanga | QUERY= | STATUS=200 | DURATION=0.073s | REFERRER= | USER_AGENT=curl/8.12.1
2025-10-09T04:01:05.529Z | IP=2607:5300:205:200::217d | COUNTRY=CA | METHOD=POST | ENDPOINT=/api/v1/panchanga | QUERY= | STATUS=200 | DURATION=0.071s | REFERRER= | USER_AGENT=curl/8.12.1
2025-10-09T04:01:05.543Z | IP=2607:5300:205:200::217d | COUNTRY=CA | METHOD=POST | ENDPOINT=/api/v1/panchanga | QUERY= | STATUS=429 | DURATION=0.001s | REFERRER= | USER_AGENT=curl/8.12.1
2025-10-09T04:01:05.546Z | IP=2607:5300:205:200::217d | COUNTRY=CA | METHOD=POST | ENDPOINT=/api/v1/panchanga | QUERY= | STATUS=200 | DURATION=0.080s | REFERRER= | USER_AGENT=curl/8.12.1
2025-10-09T04:01:05.553Z | IP=2607:5300:205:200::217d | COUNTRY=CA | METHOD=POST | ENDPOINT=/api/v1/panchanga | QUERY= | STATUS=429 | DURATION=0.001s | REFERRER= | USER_AGENT=curl/8.12.1
2025-10-09T04:01:05.555Z | IP=2607:5300:205:200::217d | COUNTRY=CA | METHOD=POST | ENDPOINT=/api/v1/panchanga | QUERY= | STATUS=200 | DURATION=0.082s | REFERRER= | USER_AGENT=curl/8.12.1
2025-10-09T04:01:05.559Z | IP=2607:5300:205:200::217d | COUNTRY=CA | METHOD=POST | ENDPOINT=/api/v1/panchanga | QUERY= | STATUS=429 | DURATION=0.001s | REFERRER= | USER_AGENT=curl/8.12.1
2025-10-09T04:01:05.562Z | IP=2607:5300:205:200::217d | COUNTRY=CA | METHOD=POST | ENDPOINT=/api/v1/panchanga | QUERY= | STATUS=200 | DURATION=0.082s | REFERRER= | USER_AGENT=curl/8.12.1
2025-10-09T04:01:05.564Z | IP=2607:5300:205:200::217d | COUNTRY=CA | METHOD=POST | ENDPOINT=/api/v1/panchanga | QUERY= | STATUS=200 | DURATION=0.078s | REFERRER= | USER_AGENT=curl/8.12.1
2025-10-09T04:01:05.566Z | IP=2607:5300:205:200::217d | COUNTRY=CA | METHOD=POST | ENDPOINT=/api/v1/panchanga | QUERY= | STATUS=200 | DURATION=0.068s | REFERRER= | USER_AGENT=curl/8.12.1
2025-10-09T04:01:05.572Z | IP=2607:5300:205:200::217d | COUNTRY=CA | METHOD=POST | ENDPOINT=/api/v1/panchanga | QUERY= | STATUS=429 | DURATION=N/A | REFERRER= | USER_AGENT=curl/8.12.1
2025-10-09T04:01:05.585Z | IP=2607:5300:205:200::217d | COUNTRY=CA | METHOD=POST | ENDPOINT=/api/v1/panchanga | QUERY= | STATUS=429 | DURATION=N/A | REFERRER= | USER_AGENT=curl/8.12.1
2025-10-09T04:01:05.591Z | IP=2607:5300:205:200::217d | COUNTRY=CA | METHOD=POST | ENDPOINT=/api/v1/panchanga | QUERY= | STATUS=429 | DURATION=N/A | REFERRER= | USER_AGENT=curl/8.12.1
2025-10-09T04:01:05.606Z | IP=2607:5300:205:200::217d | COUNTRY=CA | METHOD=POST | ENDPOINT=/api/v1/panchanga | QUERY= | STATUS=429 | DURATION=N/A | REFERRER= | USER_AGENT=curl/8.12.1
2025-10-09T04:01:05.612Z | IP=2607:5300:205:200::217d | COUNTRY=CA | METHOD=POST | ENDPOINT=/api/v1/panchanga | QUERY= | STATUS=429 | DURATION=0.001s | REFERRER= | USER_AGENT=curl/8.12.1
2025-10-09T04:01:05.620Z | IP=2607:5300:205:200::217d | COUNTRY=CA | METHOD=POST | ENDPOINT=/api/v1/panchanga | QUERY= | STATUS=429 | DURATION=N/A | REFERRER= | USER_AGENT=curl/8.12.1
2025-10-09T04:01:05.627Z | IP=2607:5300:205:200::217d | COUNTRY=CA | METHOD=POST | ENDPOINT=/api/v1/panchanga | QUERY= | STATUS=429 | DURATION=0.001s | REFERRER= | USER_AGENT=curl/8.12.1
2025-10-09T04:01:05.633Z | IP=2607:5300:205:200::217d | COUNTRY=CA | METHOD=POST | ENDPOINT=/api/v1/panchanga | QUERY= | STATUS=429 | DURATION=N/A | REFERRER= | USER_AGENT=curl/8.12.1
2025-10-09T04:01:05.640Z | IP=2607:5300:205:200::217d | COUNTRY=CA | METHOD=POST | ENDPOINT=/api/v1/panchanga | QUERY= | STATUS=429 | DURATION=0.001s | REFERRER= | USER_AGENT=curl/8.12.1
2025-10-09T04:01:05.646Z | IP=2607:5300:205:200::217d | COUNTRY=CA | METHOD=POST | ENDPOINT=/api/v1/panchanga | QUERY= | STATUS=429 | DURATION=N/A | REFERRER= | USER_AGENT=curl/8.12.1
2025-10-09T04:01:05.652Z | IP=2607:5300:205:200::217d | COUNTRY=CA | METHOD=POST | ENDPOINT=/api/v1/panchanga | QUERY= | STATUS=429 | DURATION=N/A | REFERRER= | USER_AGENT=curl/8.12.1
2025-10-09T04:01:05.661Z | IP=2607:5300:205:200::217d | COUNTRY=CA | METHOD=POST | ENDPOINT=/api/v1/panchanga | QUERY= | STATUS=429 | DURATION=N/A | REFERRER= | USER_AGENT=curl/8.12.1
2025-10-09T04:01:05.667Z | IP=2607:5300:205:200::217d | COUNTRY=CA | METHOD=POST | ENDPOINT=/api/v1/panchanga | QUERY= | STATUS=429 | DURATION=N/A | REFERRER= | USER_AGENT=curl/8.12.1
2025-10-09T04:01:05.673Z | IP=2607:5300:205:200::217d | COUNTRY=CA | METHOD=POST | ENDPOINT=/api/v1/panchanga | QUERY= | STATUS=429 | DURATION=N/A | REFERRER= | USER_AGENT=curl/8.12.1
2025-10-09T04:01:05.680Z | IP=2607:5300:205:200::217d | COUNTRY=CA | METHOD=POST | ENDPOINT=/api/v1/panchanga | QUERY= | STATUS=429 | DURATION=0.001s | REFERRER= | USER_AGENT=curl/8.12.1
2025-10-09T04:01:05.686Z | IP=2607:5300:205:200::217d | COUNTRY=CA | METHOD=POST | ENDPOINT=/api/v1/panchanga | QUERY= | STATUS=429 | DURATION=0.001s | REFERRER= | USER_AGENT=curl/8.12.1
2025-10-09T04:01:05.694Z | IP=2607:5300:205:200::217d | COUNTRY=CA | METHOD=POST | ENDPOINT=/api/v1/panchanga | QUERY= | STATUS=429 | DURATION=N/A | REFERRER= | USER_AGENT=curl/8.12.1
2025-10-09T04:01:05.701Z | IP=2607:5300:205:200::217d | COUNTRY=CA | METHOD=POST | ENDPOINT=/api/v1/panchanga | QUERY= | STATUS=429 | DURATION=0.001s | REFERRER= | USER_AGENT=curl/8.12.1
2025-10-09T04:01:05.707Z | IP=2607:5300:205:200::217d | COUNTRY=CA | METHOD=POST | ENDPOINT=/api/v1/panchanga | QUERY= | STATUS=429 | DURATION=N/A | REFERRER= | USER_AGENT=curl/8.12.1
2025-10-09T04:01:05.713Z | IP=2607:5300:205:200::217d | COUNTRY=CA | METHOD=POST | ENDPOINT=/api/v1/panchanga | QUERY= | STATUS=429 | DURATION=N/A | REFERRER= | USER_AGENT=curl/8.12.1
2025-10-09T04:01:05.719Z | IP=2607:5300:205:200::217d | COUNTRY=CA | METHOD=POST | ENDPOINT=/api/v1/panchanga | QUERY= | STATUS=429 | DURATION=N/A | REFERRER= | USER_AGENT=curl/8.12.1
2025-10-09T04:01:05.725Z | IP=2607:5300:205:200::217d | COUNTRY=CA | METHOD=POST | ENDPOINT=/api/v1/panchanga | QUERY= | STATUS=429 | DURATION=0.001s | REFERRER= | USER_AGENT=curl/8.12.1
2025-10-09T04:01:05.732Z | IP=2607:5300:205:200::217d | COUNTRY=CA | METHOD=POST | ENDPOINT=/api/v1/panchanga | QUERY= | STATUS=429 | DURATION=N/A | REFERRER= | USER_AGENT=curl/8.12.1
2025-10-09T04:01:05.737Z | IP=2607:5300:205:200::217d | COUNTRY=CA | METHOD=POST | ENDPOINT=/api/v1/panchanga | QUERY= | STATUS=429 | DURATION=N/A | REFERRER= | USER_AGENT=curl/8.12.1
2025-10-09T04:01:05.742Z | IP=2607:5300:205:200::217d | COUNTRY=CA | METHOD=POST | ENDPOINT=/api/v1/panchanga | QUERY= | STATUS=429 | DURATION=0.001s | REFERRER= | USER_AGENT=curl/8.12.1
2025-10-09T04:01:05.748Z | IP=2607:5300:205:200::217d | COUNTRY=CA | METHOD=POST | ENDPOINT=/api/v1/panchanga | QUERY= | STATUS=429 | DURATION=0.001s | REFERRER= | USER_AGENT=curl/8.12.1
2025-10-09T04:01:05.761Z | IP=2607:5300:205:200::217d | COUNTRY=CA | METHOD=POST | ENDPOINT=/api/v1/panchanga | QUERY= | STATUS=429 | DURATION=N/A | REFERRER= | USER_AGENT=curl/8.12.1
2025-10-09T04:01:05.767Z | IP=2607:5300:205:200::217d | COUNTRY=CA | METHOD=POST | ENDPOINT=/api/v1/panchanga | QUERY= | STATUS=429 | DURATION=N/A | REFERRER= | USER_AGENT=curl/8.12.1
2025-10-09T04:01:05.775Z | IP=2607:5300:205:200::217d | COUNTRY=CA | METHOD=POST | ENDPOINT=/api/v1/panchanga | QUERY= | STATUS=429 | DURATION=N/A | REFERRER= | USER_AGENT=curl/8.12.1
2025-10-09T04:01:05.780Z | IP=2607:5300:205:200::217d | COUNTRY=CA | METHOD=POST | ENDPOINT=/api/v1/panchanga | QUERY= | STATUS=429 | DURATION=N/A | REFERRER= | USER_AGENT=curl/8.12.1
2025-10-09T04:01:05.784Z | IP=2607:5300:205:200::217d | COUNTRY=CA | METHOD=POST | ENDPOINT=/api/v1/panchanga | QUERY= | STATUS=429 | DURATION=N/A | REFERRER= | USER_AGENT=curl/8.12.1
2025-10-09T04:01:05.789Z | IP=2607:5300:205:200::217d | COUNTRY=CA | METHOD=POST | ENDPOINT=/api/v1/panchanga | QUERY= | STATUS=429 | DURATION=0.001s | REFERRER= | USER_AGENT=curl/8.12.1
2025-10-09T04:01:05.792Z | IP=2607:5300:205:200::217d | COUNTRY=CA | METHOD=POST | ENDPOINT=/api/v1/panchanga | QUERY= | STATUS=429 | DURATION=N/A | REFERRER= | USER_AGENT=curl/8.12.1
2025-10-09T04:01:05.796Z | IP=2607:5300:205:200::217d | COUNTRY=CA | METHOD=POST | ENDPOINT=/api/v1/panchanga | QUERY= | STATUS=429 | DURATION=N/A | REFERRER= | USER_AGENT=curl/8.12.1
2025-10-09T04:01:05.804Z | IP=2607:5300:205:200::217d | COUNTRY=CA | METHOD=POST | ENDPOINT=/api/v1/panchanga | QUERY= | STATUS=429 | DURATION=N/A | REFERRER= | USER_AGENT=curl/8.12.1
2025-10-09T04:01:05.810Z | IP=2607:5300:205:200::217d | COUNTRY=CA | METHOD=POST | ENDPOINT=/api/v1/panchanga | QUERY= | STATUS=429 | DURATION=N/A | REFERRER= | USER_AGENT=curl/8.12.1
2025-10-09T04:01:05.817Z | IP=2607:5300:205:200::217d | COUNTRY=CA | METHOD=POST | ENDPOINT=/api/v1/panchanga | QUERY= | STATUS=429 | DURATION=N/A | REFERRER= | USER_AGENT=curl/8.12.1
2025-10-09T04:01:05.823Z | IP=2607:5300:205:200::217d | COUNTRY=CA | METHOD=POST | ENDPOINT=/api/v1/panchanga | QUERY= | STATUS=429 | DURATION=0.001s | REFERRER= | USER_AGENT=curl/8.12.1
2025-10-09T04:01:05.832Z | IP=2607:5300:205:200::217d | COUNTRY=CA | METHOD=POST | ENDPOINT=/api/v1/panchanga | QUERY= | STATUS=429 | DURATION=0.001s | REFERRER= | USER_AGENT=curl/8.12.1
2025-10-09T04:01:05.841Z | IP=2607:5300:205:200::217d | COUNTRY=CA | METHOD=POST | ENDPOINT=/api/v1/panchanga | QUERY= | STATUS=429 | DURATION=N/A | REFERRER= | USER_AGENT=curl/8.12.1
2025-10-09T04:01:05.846Z | IP=2607:5300:205:200::217d | COUNTRY=CA | METHOD=POST | ENDPOINT=/api/v1/panchanga | QUERY= | STATUS=429 | DURATION=N/A | REFERRER= | USER_AGENT=curl/8.12.1
2025-10-09T04:01:05.850Z | IP=2607:5300:205:200::217d | COUNTRY=CA | METHOD=POST | ENDPOINT=/api/v1/panchanga | QUERY= | STATUS=429 | DURATION=N/A | REFERRER= | USER_AGENT=curl/8.12.1
2025-10-09T04:01:05.872Z | IP=2607:5300:205:200::217d | COUNTRY=CA | METHOD=POST | ENDPOINT=/api/v1/panchanga | QUERY= | STATUS=429 | DURATION=0.001s | REFERRER= | USER_AGENT=curl/8.12.1
2025-10-09T04:01:05.876Z | IP=2607:5300:205:200::217d | COUNTRY=CA | METHOD=POST | ENDPOINT=/api/v1/panchanga | QUERY= | STATUS=429 | DURATION=N/A | REFERRER= | USER_AGENT=curl/8.12.1
2025-10-09T04:01:05.881Z | IP=2607:5300:205:200::217d | COUNTRY=CA | METHOD=POST | ENDPOINT=/api/v1/panchanga | QUERY= | STATUS=429 | DURATION=0.001s | REFERRER= | USER_AGENT=curl/8.12.1
2025-10-09T04:01:05.885Z | IP=2607:5300:205:200::217d | COUNTRY=CA | METHOD=POST | ENDPOINT=/api/v1/panchanga | QUERY= | STATUS=429 | DURATION=N/A | REFERRER= | USER_AGENT=curl/8.12.1
2025-10-09T04:01:05.890Z | IP=2607:5300:205:200::217d | COUNTRY=CA | METHOD=POST | ENDPOINT=/api/v1/panchanga | QUERY= | STATUS=429 | DURATION=0.001s | REFERRER= | USER_AGENT=curl/8.12.1
2025-10-09T04:01:05.894Z | IP=2607:5300:205:200::217d | COUNTRY=CA | METHOD=POST | ENDPOINT=/api/v1/panchanga | QUERY= | STATUS=429 | DURATION=N/A | REFERRER= | USER_AGENT=curl/8.12.1
2025-10-09T04:01:05.899Z | IP=2607:5300:205:200::217d | COUNTRY=CA | METHOD=POST | ENDPOINT=/api/v1/panchanga | QUERY= | STATUS=429 | DURATION=N/A | REFERRER= | USER_AGENT=curl/8.12.1
2025-10-09T04:01:05.904Z | IP=2607:5300:205:200::217d | COUNTRY=CA | METHOD=POST | ENDPOINT=/api/v1/panchanga | QUERY= | STATUS=429 | DURATION=N/A | REFERRER= | USER_AGENT=curl/8.12.1
2025-10-09T04:01:05.909Z | IP=2607:5300:205:200::217d | COUNTRY=CA | METHOD=POST | ENDPOINT=/api/v1/panchanga | QUERY= | STATUS=429 | DURATION=N/A | REFERRER= | USER_AGENT=curl/8.12.1
2025-10-09T04:01:05.914Z | IP=2607:5300:205:200::217d | COUNTRY=CA | METHOD=POST | ENDPOINT=/api/v1/panchanga | QUERY= | STATUS=429 | DURATION=N/A | REFERRER= | USER_AGENT=curl/8.12.1
2025-10-09T04:01:05.919Z | IP=2607:5300:205:200::217d | COUNTRY=CA | METHOD=POST | ENDPOINT=/api/v1/panchanga | QUERY= | STATUS=429 | DURATION=N/A | REFERRER= | USER_AGENT=curl/8.12.1
2025-10-09T04:01:05.924Z | IP=2607:5300:205:200::217d | COUNTRY=CA | METHOD=POST | ENDPOINT=/api/v1/panchanga | QUERY= | STATUS=429 | DURATION=0.001s | REFERRER= | USER_AGENT=curl/8.12.1
2025-10-09T04:01:05.929Z | IP=2607:5300:205:200::217d | COUNTRY=CA | METHOD=POST | ENDPOINT=/api/v1/panchanga | QUERY= | STATUS=429 | DURATION=0.001s | REFERRER= | USER_AGENT=curl/8.12.1
2025-10-09T04:01:05.935Z | IP=2607:5300:205:200::217d | COUNTRY=CA | METHOD=POST | ENDPOINT=/api/v1/panchanga | QUERY= | STATUS=429 | DURATION=N/A | REFERRER= | USER_AGENT=curl/8.12.1
2025-10-09T04:01:05.951Z | IP=2607:5300:205:200::217d | COUNTRY=CA | METHOD=POST | ENDPOINT=/api/v1/panchanga | QUERY= | STATUS=429 | DURATION=N/A | REFERRER= | USER_AGENT=curl/8.12.1
2025-10-09T04:01:05.956Z | IP=2607:5300:205:200::217d | COUNTRY=CA | METHOD=POST | ENDPOINT=/api/v1/panchanga | QUERY= | STATUS=429 | DURATION=N/A | REFERRER= | USER_AGENT=curl/8.12.1
2025-10-09T04:01:05.961Z | IP=2607:5300:205:200::217d | COUNTRY=CA | METHOD=POST | ENDPOINT=/api/v1/panchanga | QUERY= | STATUS=429 | DURATION=N/A | REFERRER= | USER_AGENT=curl/8.12.1
2025-10-09T04:01:05.967Z | IP=2607:5300:205:200::217d | COUNTRY=CA | METHOD=POST | ENDPOINT=/api/v1/panchanga | QUERY= | STATUS=429 | DURATION=N/A | REFERRER= | USER_AGENT=curl/8.12.1
2025-10-09T04:01:05.972Z | IP=2607:5300:205:200::217d | COUNTRY=CA | METHOD=POST | ENDPOINT=/api/v1/panchanga | QUERY= | STATUS=429 | DURATION=N/A | REFERRER= | USER_AGENT=curl/8.12.1
2025-10-09T04:01:05.976Z | IP=2607:5300:205:200::217d | COUNTRY=CA | METHOD=POST | ENDPOINT=/api/v1/panchanga | QUERY= | STATUS=429 | DURATION=N/A | REFERRER= | USER_AGENT=curl/8.12.1
2025-10-09T04:01:05.981Z | IP=2607:5300:205:200::217d | COUNTRY=CA | METHOD=POST | ENDPOINT=/api/v1/panchanga | QUERY= | STATUS=429 | DURATION=N/A | REFERRER= | USER_AGENT=curl/8.12.1
2025-10-09T04:01:05.987Z | IP=2607:5300:205:200::217d | COUNTRY=CA | METHOD=POST | ENDPOINT=/api/v1/panchanga | QUERY= | STATUS=429 | DURATION=N/A | REFERRER= | USER_AGENT=curl/8.12.1
2025-10-09T04:01:05.991Z | IP=2607:5300:205:200::217d | COUNTRY=CA | METHOD=POST | ENDPOINT=/api/v1/panchanga | QUERY= | STATUS=429 | DURATION=N/A | REFERRER= | USER_AGENT=curl/8.12.1
2025-10-09T04:01:05.995Z | IP=2607:5300:205:200::217d | COUNTRY=CA | METHOD=POST | ENDPOINT=/api/v1/panchanga | QUERY= | STATUS=429 | DURATION=N/A | REFERRER= | USER_AGENT=curl/8.12.1
2025-10-09T04:01:06.008Z | IP=2607:5300:205:200::217d | COUNTRY=CA | METHOD=POST | ENDPOINT=/api/v1/panchanga | QUERY= | STATUS=429 | DURATION=N/A | REFERRER= | USER_AGENT=curl/8.12.1
2025-10-09T04:01:06.012Z | IP=2607:5300:205:200::217d | COUNTRY=CA | METHOD=POST | ENDPOINT=/api/v1/panchanga | QUERY= | STATUS=429 | DURATION=N/A | REFERRER= | USER_AGENT=curl/8.12.1
2025-10-09T04:01:06.017Z | IP=2607:5300:205:200::217d | COUNTRY=CA | METHOD=POST | ENDPOINT=/api/v1/panchanga | QUERY= | STATUS=429 | DURATION=0.001s | REFERRER= | USER_AGENT=curl/8.12.1
2025-10-09T04:01:06.021Z | IP=2607:5300:205:200::217d | COUNTRY=CA | METHOD=POST | ENDPOINT=/api/v1/panchanga | QUERY= | STATUS=429 | DURATION=N/A | REFERRER= | USER_AGENT=curl/8.12.1
2025-10-09T04:01:06.025Z | IP=2607:5300:205:200::217d | COUNTRY=CA | METHOD=POST | ENDPOINT=/api/v1/panchanga | QUERY= | STATUS=429 | DURATION=N/A | REFERRER= | USER_AGENT=curl/8.12.1
2025-10-09T04:01:06.029Z | IP=2607:5300:205:200::217d | COUNTRY=CA | METHOD=POST | ENDPOINT=/api/v1/panchanga | QUERY= | STATUS=429 | DURATION=N/A | REFERRER= | USER_AGENT=curl/8.12.1
2025-10-09T04:01:06.033Z | IP=2607:5300:205:200::217d | COUNTRY=CA | METHOD=POST | ENDPOINT=/api/v1/panchanga | QUERY= | STATUS=429 | DURATION=N/A | REFERRER= | USER_AGENT=curl/8.12.1
2025-10-09T04:01:06.044Z | IP=2607:5300:205:200::217d | COUNTRY=CA | METHOD=POST | ENDPOINT=/api/v1/panchanga | QUERY= | STATUS=429 | DURATION=N/A | REFERRER= | USER_AGENT=curl/8.12.1
2025-10-09T04:01:06.048Z | IP=2607:5300:205:200::217d | COUNTRY=CA | METHOD=POST | ENDPOINT=/api/v1/panchanga | QUERY= | STATUS=429 | DURATION=N/A | REFERRER= | USER_AGENT=curl/8.12.1
2025-10-09T04:01:06.055Z | IP=2607:5300:205:200::217d | COUNTRY=CA | METHOD=POST | ENDPOINT=/api/v1/panchanga | QUERY= | STATUS=429 | DURATION=0.001s | REFERRER= | USER_AGENT=curl/8.12.1
2025-10-09T04:01:06.060Z | IP=2607:5300:205:200::217d | COUNTRY=CA | METHOD=POST | ENDPOINT=/api/v1/panchanga | QUERY= | STATUS=429 | DURATION=0.001s | REFERRER= | USER_AGENT=curl/8.12.1
2025-10-09T04:01:06.064Z | IP=2607:5300:205:200::217d | COUNTRY=CA | METHOD=POST | ENDPOINT=/api/v1/panchanga | QUERY= | STATUS=429 | DURATION=N/A | REFERRER= | USER_AGENT=curl/8.12.1
2025-10-09T04:01:06.070Z | IP=2607:5300:205:200::217d | COUNTRY=CA | METHOD=POST | ENDPOINT=/api/v1/panchanga | QUERY= | STATUS=429 | DURATION=N/A | REFERRER= | USER_AGENT=curl/8.12.1
2025-10-09T04:01:06.075Z | IP=2607:5300:205:200::217d | COUNTRY=CA | METHOD=POST | ENDPOINT=/api/v1/panchanga | QUERY= | STATUS=429 | DURATION=0.001s | REFERRER= | USER_AGENT=curl/8.12.1
2025-10-09T04:01:06.082Z | IP=2607:5300:205:200::217d | COUNTRY=CA | METHOD=POST | ENDPOINT=/api/v1/panchanga | QUERY= | STATUS=429 | DURATION=N/A | REFERRER= | USER_AGENT=curl/8.12.1
2025-10-09T04:01:06.086Z | IP=2607:5300:205:200::217d | COUNTRY=CA | METHOD=POST | ENDPOINT=/api/v1/panchanga | QUERY= | STATUS=429 | DURATION=N/A | REFERRER= | USER_AGENT=curl/8.12.1
2025-10-09T04:01:06.091Z | IP=2607:5300:205:200::217d | COUNTRY=CA | METHOD=POST | ENDPOINT=/api/v1/panchanga | QUERY= | STATUS=429 | DURATION=0.001s | REFERRER= | USER_AGENT=curl/8.12.1
2025-10-09T04:01:06.097Z | IP=2607:5300:205:200::217d | COUNTRY=CA | METHOD=POST | ENDPOINT=/api/v1/panchanga | QUERY= | STATUS=429 | DURATION=N/A | REFERRER= | USER_AGENT=curl/8.12.1
2025-10-09T04:01:06.104Z | IP=2607:5300:205:200::217d | COUNTRY=CA | METHOD=POST | ENDPOINT=/api/v1/panchanga | QUERY= | STATUS=429 | DURATION=N/A | REFERRER= | USER_AGENT=curl/8.12.1
2025-10-09T04:01:06.108Z | IP=2607:5300:205:200::217d | COUNTRY=CA | METHOD=POST | ENDPOINT=/api/v1/panchanga | QUERY= | STATUS=429 | DURATION=N/A | REFERRER= | USER_AGENT=curl/8.12.1
2025-10-09T04:01:06.112Z | IP=2607:5300:205:200::217d | COUNTRY=CA | METHOD=POST | ENDPOINT=/api/v1/panchanga | QUERY= | STATUS=429 | DURATION=0.001s | REFERRER= | USER_AGENT=curl/8.12.1
